INFO  02:54:18 Application started. Press Ctrl+C to shut down.
INFO  02:54:19 Application started. Press Ctrl+C to shut down.
INFO  02:54:19 Hosting environment: Development
INFO  02:54:19 Hosting environment: Development
INFO  02:54:19 Content root path: D:\MyAspDotNetProjects\AuthorizationService
INFO  02:54:19 Content root path: D:\MyAspDotNetProjects\AuthorizationService
INFO  02:54:19  Http GET Request From: TokenController
INFO  02:54:19  GetJsonWebToken method of AuthProvider Called 
INFO  02:54:19  GenerateJWT method of AuthRepo Called 
INFO  02:54:42  Http GET Request From: TokenController
INFO  02:54:42  GetJsonWebToken method of AuthProvider Called 
INFO  02:54:42  GenerateJWT method of AuthRepo Called 
INFO  09:39:24 Application started. Press Ctrl+C to shut down.
INFO  09:39:24 Application started. Press Ctrl+C to shut down.
INFO  09:39:24 Hosting environment: Development
INFO  09:39:24 Hosting environment: Development
INFO  09:39:24 Content root path: D:\MyAspDotNetProjects\AuthorizationService
INFO  09:39:24 Content root path: D:\MyAspDotNetProjects\AuthorizationService
INFO  09:39:25  Http GET Request From: TokenController
INFO  09:39:25  GetJsonWebToken method of AuthProvider Called 
INFO  09:39:25  GenerateJWT method of AuthRepo Called 
INFO  09:39:29  Http GET Request From: TokenController
INFO  09:39:29  GetJsonWebToken method of AuthProvider Called 
INFO  09:39:29  GenerateJWT method of AuthRepo Called 
INFO  09:39:30  Http GET Request From: TokenController
INFO  09:39:30  GetJsonWebToken method of AuthProvider Called 
INFO  09:39:30  GenerateJWT method of AuthRepo Called 
INFO  09:42:02 Application started. Press Ctrl+C to shut down.
INFO  09:42:02 Application started. Press Ctrl+C to shut down.
INFO  09:42:02 Hosting environment: Development
INFO  09:42:02 Hosting environment: Development
INFO  09:42:02 Content root path: D:\MyAspDotNetProjects\AuthorizationService
INFO  09:42:02 Content root path: D:\MyAspDotNetProjects\AuthorizationService
INFO  09:42:02  Http GET Request From: TokenController
INFO  09:42:02  GetJsonWebToken method of AuthProvider Called 
INFO  09:42:02  GenerateJWT method of AuthRepo Called 
INFO  01:47:40 Application started. Press Ctrl+C to shut down.
INFO  01:47:40 Application started. Press Ctrl+C to shut down.
INFO  01:47:40 Hosting environment: Development
INFO  01:47:40 Hosting environment: Development
INFO  01:47:40 Content root path: D:\games\fonts\AuthorizationService
INFO  01:47:40 Content root path: D:\games\fonts\AuthorizationService
INFO  01:47:40  Http GET Request From: TokenController
INFO  01:47:40  GetJsonWebToken method of AuthProvider Called 
INFO  01:47:40  GenerateJWT method of AuthRepo Called 
INFO  01:48:44 Application started. Press Ctrl+C to shut down.
INFO  01:48:44 Application started. Press Ctrl+C to shut down.
INFO  01:48:44 Hosting environment: Development
INFO  01:48:44 Hosting environment: Development
INFO  01:48:44 Content root path: D:\games\fonts\AuthorizationService
INFO  01:48:44 Content root path: D:\games\fonts\AuthorizationService
INFO  01:48:45  Http GET Request From: TokenController
INFO  01:48:45  GetJsonWebToken method of AuthProvider Called 
INFO  01:48:45  GenerateJWT method of AuthRepo Called 
INFO  01:49:06 Application started. Press Ctrl+C to shut down.
INFO  01:49:06 Application started. Press Ctrl+C to shut down.
INFO  01:49:06 Hosting environment: Development
INFO  01:49:06 Hosting environment: Development
INFO  01:49:06 Content root path: D:\games\fonts\AuthorizationService
INFO  01:49:06 Content root path: D:\games\fonts\AuthorizationService
INFO  01:49:06  Http GET Request From: TokenController
INFO  01:49:06  GetJsonWebToken method of AuthProvider Called 
INFO  01:49:06  GenerateJWT method of AuthRepo Called 
INFO  10:25:31 Application started. Press Ctrl+C to shut down.
INFO  10:25:31 Application started. Press Ctrl+C to shut down.
INFO  10:25:31 Hosting environment: Development
INFO  10:25:31 Hosting environment: Development
INFO  10:25:31 Content root path: D:\MFPE\AuthorizationService
INFO  10:25:31 Content root path: D:\MFPE\AuthorizationService
INFO  10:25:31  Http GET Request From: TokenController
INFO  10:25:31  GetJsonWebToken method of AuthProvider Called 
INFO  10:25:31  GenerateJWT method of AuthRepo Called 
INFO  10:27:50 Application started. Press Ctrl+C to shut down.
INFO  10:27:50 Application started. Press Ctrl+C to shut down.
INFO  10:27:50 Hosting environment: Development
INFO  10:27:50 Hosting environment: Development
INFO  10:27:50 Content root path: D:\MFPE\AuthorizationService
INFO  10:27:50 Content root path: D:\MFPE\AuthorizationService
INFO  10:27:51  Http GET Request From: TokenController
INFO  10:27:51  GetJsonWebToken method of AuthProvider Called 
INFO  10:27:51  GenerateJWT method of AuthRepo Called 
INFO  10:27:52  Http GET Request From: TokenController
INFO  10:27:52  GetJsonWebToken method of AuthProvider Called 
INFO  10:27:52  GenerateJWT method of AuthRepo Called 
INFO  04:22:40 Application started. Press Ctrl+C to shut down.
INFO  04:22:40 Application started. Press Ctrl+C to shut down.
INFO  04:22:40 Hosting environment: Development
INFO  04:22:40 Hosting environment: Development
INFO  04:22:40 Content root path: D:\MFPE\AuthorizationService
INFO  04:22:40 Content root path: D:\MFPE\AuthorizationService
INFO  04:22:40  Http GET Request From: TokenController
INFO  04:22:40  GetJsonWebToken method of AuthProvider Called 
INFO  04:22:40  GenerateJWT method of AuthRepo Called 
INFO  04:22:44  Http GET Request From: TokenController
INFO  04:22:44  GetJsonWebToken method of AuthProvider Called 
INFO  04:22:44  GenerateJWT method of AuthRepo Called 
INFO  10:03:16 Application started. Press Ctrl+C to shut down.
INFO  10:03:16 Application started. Press Ctrl+C to shut down.
INFO  10:03:16 Hosting environment: Development
INFO  10:03:16 Hosting environment: Development
INFO  10:03:16 Content root path: D:\MFPE\mfpeFInal\AuthorizationService
INFO  10:03:16 Content root path: D:\MFPE\mfpeFInal\AuthorizationService
INFO  10:03:16  Http GET Request From: TokenController
INFO  10:03:16  GetJsonWebToken method of AuthProvider Called 
INFO  10:03:16  GenerateJWT method of AuthRepo Called 
INFO  10:43:44 Application started. Press Ctrl+C to shut down.
INFO  10:43:44 Application started. Press Ctrl+C to shut down.
INFO  10:43:44 Hosting environment: Development
INFO  10:43:44 Hosting environment: Development
INFO  10:43:44 Content root path: D:\MFPE\mfpeFInal\AuthorizationService
INFO  10:43:44 Content root path: D:\MFPE\mfpeFInal\AuthorizationService
INFO  10:43:44  Http GET Request From: TokenController
INFO  10:43:44  GetJsonWebToken method of AuthProvider Called 
INFO  10:43:44  GenerateJWT method of AuthRepo Called 
INFO  08:56:01 Application started. Press Ctrl+C to shut down.
INFO  08:56:01 Application started. Press Ctrl+C to shut down.
INFO  08:56:01 Hosting environment: Development
INFO  08:56:01 Hosting environment: Development
INFO  08:56:01 Content root path: C:\Project\AuditManagementSystem\AuthorizationService
INFO  08:56:01 Content root path: C:\Project\AuditManagementSystem\AuthorizationService
INFO  08:56:02  Http GET Request From: TokenController
INFO  08:56:02  GetJsonWebToken method of AuthProvider Called 
INFO  08:56:02  GenerateJWT method of AuthRepo Called 
INFO  01:45:58 Application started. Press Ctrl+C to shut down.
INFO  01:45:58 Application started. Press Ctrl+C to shut down.
INFO  01:45:58 Hosting environment: Development
INFO  01:45:58 Hosting environment: Development
INFO  01:45:58 Content root path: C:\Users\889798\source\repos\AuditManagementSystem\AuthorizationService
INFO  01:45:58 Content root path: C:\Users\889798\source\repos\AuditManagementSystem\AuthorizationService
INFO  01:45:59  Http GET Request From: TokenController
INFO  01:45:59  GetJsonWebToken method of AuthProvider Called 
INFO  01:45:59  GenerateJWT method of AuthRepo Called 
INFO  02:42:06 Application started. Press Ctrl+C to shut down.
INFO  02:42:06 Application started. Press Ctrl+C to shut down.
INFO  02:42:06 Hosting environment: Development
INFO  02:42:06 Hosting environment: Development
INFO  02:42:06 Content root path: C:\Users\889798\source\repos\AuditManagementSystem\AuthorizationService
INFO  02:42:06 Content root path: C:\Users\889798\source\repos\AuditManagementSystem\AuthorizationService
INFO  02:42:06  Http GET Request From: TokenController
INFO  02:42:06  GetJsonWebToken method of AuthProvider Called 
INFO  02:42:06  GenerateJWT method of AuthRepo Called 
INFO  03:04:11 Application started. Press Ctrl+C to shut down.
INFO  03:04:11 Application started. Press Ctrl+C to shut down.
INFO  03:04:11 Hosting environment: Development
INFO  03:04:11 Hosting environment: Development
INFO  03:04:11 Content root path: C:\Users\889798\source\repos\AuditManagementSystem\AuthorizationService
INFO  03:04:11 Content root path: C:\Users\889798\source\repos\AuditManagementSystem\AuthorizationService
INFO  03:04:11  Http GET Request From: TokenController
INFO  03:04:11  GetJsonWebToken method of AuthProvider Called 
INFO  03:04:11  GenerateJWT method of AuthRepo Called 
INFO  03:05:46 Application started. Press Ctrl+C to shut down.
INFO  03:05:46 Application started. Press Ctrl+C to shut down.
INFO  03:05:46 Hosting environment: Development
INFO  03:05:46 Hosting environment: Development
INFO  03:05:46 Content root path: C:\Users\889798\source\repos\AuditManagementSystem\AuthorizationService
INFO  03:05:46 Content root path: C:\Users\889798\source\repos\AuditManagementSystem\AuthorizationService
INFO  03:05:46  Http GET Request From: TokenController
INFO  03:05:46  GetJsonWebToken method of AuthProvider Called 
INFO  03:05:46  GenerateJWT method of AuthRepo Called 
INFO  03:21:47 Application started. Press Ctrl+C to shut down.
INFO  03:21:47 Application started. Press Ctrl+C to shut down.
INFO  03:21:47 Hosting environment: Development
INFO  03:21:47 Hosting environment: Development
INFO  03:21:47 Content root path: C:\Users\889798\source\repos\AuditManagementSystem\AuthorizationService
INFO  03:21:47 Content root path: C:\Users\889798\source\repos\AuditManagementSystem\AuthorizationService
INFO  03:21:47  Http GET Request From: TokenController
INFO  03:21:47  GetJsonWebToken method of AuthProvider Called 
INFO  03:21:47  GenerateJWT method of AuthRepo Called 
ERROR 03:22:31 An unhandled exception has occurred while executing the request.
System.ArgumentOutOfRangeException: IDX10603: Decryption failed. Keys tried: '[PII is hidden. For more details, see https://aka.ms/IdentityModel/PII.]'.
Exceptions caught:
 '[PII is hidden. For more details, see https://aka.ms/IdentityModel/PII.]'.
token: '[PII is hidden. For more details, see https://aka.ms/IdentityModel/PII.]' (Parameter 'KeySize')
   at Microsoft.IdentityModel.Tokens.SymmetricSignatureProvider..ctor(SecurityKey key, String algorithm, Boolean willCreateSignatures)
   at Microsoft.IdentityModel.Tokens.CryptoProviderFactory.CreateSignatureProvider(SecurityKey key, String algorithm, Boolean willCreateSignatures)
   at Microsoft.IdentityModel.Tokens.CryptoProviderFactory.CreateForSigning(SecurityKey key, String algorithm)
   at Microsoft.IdentityModel.JsonWebTokens.JwtTokenUtilities.CreateEncodedSignature(String input, SigningCredentials signingCredentials)
   at System.IdentityModel.Tokens.Jwt.JwtSecurityTokenHandler.CreateJwtSecurityTokenPrivate(String issuer, String audience, ClaimsIdentity subject, Nullable`1 notBefore, Nullable`1 expires, Nullable`1 issuedAt, SigningCredentials signingCredentials, EncryptingCredentials encryptingCredentials)
   at System.IdentityModel.Tokens.Jwt.JwtSecurityTokenHandler.CreateToken(SecurityTokenDescriptor tokenDescriptor)
   at AuthorizationService.Repository.UserRepository.Authenticate(String username, String password) in C:\Users\889798\source\repos\AuditManagementSystem\AuthorizationService\Repository\UserRepository.cs:line 45
   at AuthorizationService.Controllers.UserController.Authenticate(User model) in C:\Users\889798\source\repos\AuditManagementSystem\AuthorizationService\Controllers\UserController.cs:line 27
   at lambda_method(Closure , Object , Object[] )
   at Microsoft.Extensions.Internal.ObjectMethodExecutor.Execute(Object target, Object[] parameters)
   at Microsoft.AspNetCore.Mvc.Infrastructure.ActionMethodExecutor.SyncActionResultExecutor.Execute(IActionResultTypeMapper mapper, ObjectMethodExecutor executor, Object controller, Object[] arguments)
   at Microsoft.AspNetCore.Mvc.Infrastructure.ControllerActionInvoker.InvokeActionMethodAsync()
   at Microsoft.AspNetCore.Mvc.Infrastructure.ControllerActionInvoker.Next(State& next, Scope& scope, Object& state, Boolean& isCompleted)
   at Microsoft.AspNetCore.Mvc.Infrastructure.ControllerActionInvoker.InvokeNextActionFilterAsync()
--- End of stack trace from previous location where exception was thrown ---
   at Microsoft.AspNetCore.Mvc.Infrastructure.ControllerActionInvoker.Rethrow(ActionExecutedContextSealed context)
   at Microsoft.AspNetCore.Mvc.Infrastructure.ControllerActionInvoker.Next(State& next, Scope& scope, Object& state, Boolean& isCompleted)
   at Microsoft.AspNetCore.Mvc.Infrastructure.ControllerActionInvoker.InvokeInnerFilterAsync()
--- End of stack trace from previous location where exception was thrown ---
   at Microsoft.AspNetCore.Mvc.Infrastructure.ResourceInvoker.<InvokeFilterPipelineAsync>g__Awaited|19_0(ResourceInvoker invoker, Task lastTask, State next, Scope scope, Object state, Boolean isCompleted)
   at Microsoft.AspNetCore.Mvc.Infrastructure.ResourceInvoker.<InvokeAsync>g__Awaited|17_0(ResourceInvoker invoker, Task task, IDisposable scope)
   at Microsoft.AspNetCore.Routing.EndpointMiddleware.<Invoke>g__AwaitRequestTask|6_0(Endpoint endpoint, Task requestTask, ILogger logger)
   at Microsoft.AspNetCore.Authorization.AuthorizationMiddleware.Invoke(HttpContext context)
   at Microsoft.AspNetCore.Authentication.AuthenticationMiddleware.Invoke(HttpContext context)
   at Swashbuckle.AspNetCore.SwaggerUI.SwaggerUIMiddleware.Invoke(HttpContext httpContext)
   at Swashbuckle.AspNetCore.Swagger.SwaggerMiddleware.Invoke(HttpContext httpContext, ISwaggerProvider swaggerProvider)
   at Microsoft.AspNetCore.Diagnostics.DeveloperExceptionPageMiddleware.Invoke(HttpContext context)
ERROR 03:22:31 An unhandled exception has occurred while executing the request.
System.ArgumentOutOfRangeException: IDX10603: Decryption failed. Keys tried: '[PII is hidden. For more details, see https://aka.ms/IdentityModel/PII.]'.
Exceptions caught:
 '[PII is hidden. For more details, see https://aka.ms/IdentityModel/PII.]'.
token: '[PII is hidden. For more details, see https://aka.ms/IdentityModel/PII.]' (Parameter 'KeySize')
   at Microsoft.IdentityModel.Tokens.SymmetricSignatureProvider..ctor(SecurityKey key, String algorithm, Boolean willCreateSignatures)
   at Microsoft.IdentityModel.Tokens.CryptoProviderFactory.CreateSignatureProvider(SecurityKey key, String algorithm, Boolean willCreateSignatures)
   at Microsoft.IdentityModel.Tokens.CryptoProviderFactory.CreateForSigning(SecurityKey key, String algorithm)
   at Microsoft.IdentityModel.JsonWebTokens.JwtTokenUtilities.CreateEncodedSignature(String input, SigningCredentials signingCredentials)
   at System.IdentityModel.Tokens.Jwt.JwtSecurityTokenHandler.CreateJwtSecurityTokenPrivate(String issuer, String audience, ClaimsIdentity subject, Nullable`1 notBefore, Nullable`1 expires, Nullable`1 issuedAt, SigningCredentials signingCredentials, EncryptingCredentials encryptingCredentials)
   at System.IdentityModel.Tokens.Jwt.JwtSecurityTokenHandler.CreateToken(SecurityTokenDescriptor tokenDescriptor)
   at AuthorizationService.Repository.UserRepository.Authenticate(String username, String password) in C:\Users\889798\source\repos\AuditManagementSystem\AuthorizationService\Repository\UserRepository.cs:line 45
   at AuthorizationService.Controllers.UserController.Authenticate(User model) in C:\Users\889798\source\repos\AuditManagementSystem\AuthorizationService\Controllers\UserController.cs:line 27
   at lambda_method(Closure , Object , Object[] )
   at Microsoft.Extensions.Internal.ObjectMethodExecutor.Execute(Object target, Object[] parameters)
   at Microsoft.AspNetCore.Mvc.Infrastructure.ActionMethodExecutor.SyncActionResultExecutor.Execute(IActionResultTypeMapper mapper, ObjectMethodExecutor executor, Object controller, Object[] arguments)
   at Microsoft.AspNetCore.Mvc.Infrastructure.ControllerActionInvoker.InvokeActionMethodAsync()
   at Microsoft.AspNetCore.Mvc.Infrastructure.ControllerActionInvoker.Next(State& next, Scope& scope, Object& state, Boolean& isCompleted)
   at Microsoft.AspNetCore.Mvc.Infrastructure.ControllerActionInvoker.InvokeNextActionFilterAsync()
--- End of stack trace from previous location where exception was thrown ---
   at Microsoft.AspNetCore.Mvc.Infrastructure.ControllerActionInvoker.Rethrow(ActionExecutedContextSealed context)
   at Microsoft.AspNetCore.Mvc.Infrastructure.ControllerActionInvoker.Next(State& next, Scope& scope, Object& state, Boolean& isCompleted)
   at Microsoft.AspNetCore.Mvc.Infrastructure.ControllerActionInvoker.InvokeInnerFilterAsync()
--- End of stack trace from previous location where exception was thrown ---
   at Microsoft.AspNetCore.Mvc.Infrastructure.ResourceInvoker.<InvokeFilterPipelineAsync>g__Awaited|19_0(ResourceInvoker invoker, Task lastTask, State next, Scope scope, Object state, Boolean isCompleted)
   at Microsoft.AspNetCore.Mvc.Infrastructure.ResourceInvoker.<InvokeAsync>g__Awaited|17_0(ResourceInvoker invoker, Task task, IDisposable scope)
   at Microsoft.AspNetCore.Routing.EndpointMiddleware.<Invoke>g__AwaitRequestTask|6_0(Endpoint endpoint, Task requestTask, ILogger logger)
   at Microsoft.AspNetCore.Authorization.AuthorizationMiddleware.Invoke(HttpContext context)
   at Microsoft.AspNetCore.Authentication.AuthenticationMiddleware.Invoke(HttpContext context)
   at Swashbuckle.AspNetCore.SwaggerUI.SwaggerUIMiddleware.Invoke(HttpContext httpContext)
   at Swashbuckle.AspNetCore.Swagger.SwaggerMiddleware.Invoke(HttpContext httpContext, ISwaggerProvider swaggerProvider)
   at Microsoft.AspNetCore.Diagnostics.DeveloperExceptionPageMiddleware.Invoke(HttpContext context)
ERROR 03:23:40 An unhandled exception has occurred while executing the request.
System.ArgumentOutOfRangeException: IDX10603: Decryption failed. Keys tried: '[PII is hidden. For more details, see https://aka.ms/IdentityModel/PII.]'.
Exceptions caught:
 '[PII is hidden. For more details, see https://aka.ms/IdentityModel/PII.]'.
token: '[PII is hidden. For more details, see https://aka.ms/IdentityModel/PII.]' (Parameter 'KeySize')
   at Microsoft.IdentityModel.Tokens.SymmetricSignatureProvider..ctor(SecurityKey key, String algorithm, Boolean willCreateSignatures)
   at Microsoft.IdentityModel.Tokens.CryptoProviderFactory.CreateSignatureProvider(SecurityKey key, String algorithm, Boolean willCreateSignatures)
   at Microsoft.IdentityModel.Tokens.CryptoProviderFactory.CreateForSigning(SecurityKey key, String algorithm)
   at Microsoft.IdentityModel.JsonWebTokens.JwtTokenUtilities.CreateEncodedSignature(String input, SigningCredentials signingCredentials)
   at System.IdentityModel.Tokens.Jwt.JwtSecurityTokenHandler.CreateJwtSecurityTokenPrivate(String issuer, String audience, ClaimsIdentity subject, Nullable`1 notBefore, Nullable`1 expires, Nullable`1 issuedAt, SigningCredentials signingCredentials, EncryptingCredentials encryptingCredentials)
   at System.IdentityModel.Tokens.Jwt.JwtSecurityTokenHandler.CreateToken(SecurityTokenDescriptor tokenDescriptor)
   at AuthorizationService.Repository.UserRepository.Authenticate(String username, String password) in C:\Users\889798\source\repos\AuditManagementSystem\AuthorizationService\Repository\UserRepository.cs:line 45
   at AuthorizationService.Controllers.UserController.Authenticate(User model) in C:\Users\889798\source\repos\AuditManagementSystem\AuthorizationService\Controllers\UserController.cs:line 27
   at lambda_method(Closure , Object , Object[] )
   at Microsoft.Extensions.Internal.ObjectMethodExecutor.Execute(Object target, Object[] parameters)
   at Microsoft.AspNetCore.Mvc.Infrastructure.ActionMethodExecutor.SyncActionResultExecutor.Execute(IActionResultTypeMapper mapper, ObjectMethodExecutor executor, Object controller, Object[] arguments)
   at Microsoft.AspNetCore.Mvc.Infrastructure.ControllerActionInvoker.InvokeActionMethodAsync()
   at Microsoft.AspNetCore.Mvc.Infrastructure.ControllerActionInvoker.Next(State& next, Scope& scope, Object& state, Boolean& isCompleted)
   at Microsoft.AspNetCore.Mvc.Infrastructure.ControllerActionInvoker.InvokeNextActionFilterAsync()
--- End of stack trace from previous location where exception was thrown ---
   at Microsoft.AspNetCore.Mvc.Infrastructure.ControllerActionInvoker.Rethrow(ActionExecutedContextSealed context)
   at Microsoft.AspNetCore.Mvc.Infrastructure.ControllerActionInvoker.Next(State& next, Scope& scope, Object& state, Boolean& isCompleted)
   at Microsoft.AspNetCore.Mvc.Infrastructure.ControllerActionInvoker.InvokeInnerFilterAsync()
--- End of stack trace from previous location where exception was thrown ---
   at Microsoft.AspNetCore.Mvc.Infrastructure.ResourceInvoker.<InvokeFilterPipelineAsync>g__Awaited|19_0(ResourceInvoker invoker, Task lastTask, State next, Scope scope, Object state, Boolean isCompleted)
   at Microsoft.AspNetCore.Mvc.Infrastructure.ResourceInvoker.<InvokeAsync>g__Awaited|17_0(ResourceInvoker invoker, Task task, IDisposable scope)
   at Microsoft.AspNetCore.Routing.EndpointMiddleware.<Invoke>g__AwaitRequestTask|6_0(Endpoint endpoint, Task requestTask, ILogger logger)
   at Microsoft.AspNetCore.Authorization.AuthorizationMiddleware.Invoke(HttpContext context)
   at Microsoft.AspNetCore.Authentication.AuthenticationMiddleware.Invoke(HttpContext context)
   at Swashbuckle.AspNetCore.SwaggerUI.SwaggerUIMiddleware.Invoke(HttpContext httpContext)
   at Swashbuckle.AspNetCore.Swagger.SwaggerMiddleware.Invoke(HttpContext httpContext, ISwaggerProvider swaggerProvider)
   at Microsoft.AspNetCore.Diagnostics.DeveloperExceptionPageMiddleware.Invoke(HttpContext context)
ERROR 03:23:40 An unhandled exception has occurred while executing the request.
System.ArgumentOutOfRangeException: IDX10603: Decryption failed. Keys tried: '[PII is hidden. For more details, see https://aka.ms/IdentityModel/PII.]'.
Exceptions caught:
 '[PII is hidden. For more details, see https://aka.ms/IdentityModel/PII.]'.
token: '[PII is hidden. For more details, see https://aka.ms/IdentityModel/PII.]' (Parameter 'KeySize')
   at Microsoft.IdentityModel.Tokens.SymmetricSignatureProvider..ctor(SecurityKey key, String algorithm, Boolean willCreateSignatures)
   at Microsoft.IdentityModel.Tokens.CryptoProviderFactory.CreateSignatureProvider(SecurityKey key, String algorithm, Boolean willCreateSignatures)
   at Microsoft.IdentityModel.Tokens.CryptoProviderFactory.CreateForSigning(SecurityKey key, String algorithm)
   at Microsoft.IdentityModel.JsonWebTokens.JwtTokenUtilities.CreateEncodedSignature(String input, SigningCredentials signingCredentials)
   at System.IdentityModel.Tokens.Jwt.JwtSecurityTokenHandler.CreateJwtSecurityTokenPrivate(String issuer, String audience, ClaimsIdentity subject, Nullable`1 notBefore, Nullable`1 expires, Nullable`1 issuedAt, SigningCredentials signingCredentials, EncryptingCredentials encryptingCredentials)
   at System.IdentityModel.Tokens.Jwt.JwtSecurityTokenHandler.CreateToken(SecurityTokenDescriptor tokenDescriptor)
   at AuthorizationService.Repository.UserRepository.Authenticate(String username, String password) in C:\Users\889798\source\repos\AuditManagementSystem\AuthorizationService\Repository\UserRepository.cs:line 45
   at AuthorizationService.Controllers.UserController.Authenticate(User model) in C:\Users\889798\source\repos\AuditManagementSystem\AuthorizationService\Controllers\UserController.cs:line 27
   at lambda_method(Closure , Object , Object[] )
   at Microsoft.Extensions.Internal.ObjectMethodExecutor.Execute(Object target, Object[] parameters)
   at Microsoft.AspNetCore.Mvc.Infrastructure.ActionMethodExecutor.SyncActionResultExecutor.Execute(IActionResultTypeMapper mapper, ObjectMethodExecutor executor, Object controller, Object[] arguments)
   at Microsoft.AspNetCore.Mvc.Infrastructure.ControllerActionInvoker.InvokeActionMethodAsync()
   at Microsoft.AspNetCore.Mvc.Infrastructure.ControllerActionInvoker.Next(State& next, Scope& scope, Object& state, Boolean& isCompleted)
   at Microsoft.AspNetCore.Mvc.Infrastructure.ControllerActionInvoker.InvokeNextActionFilterAsync()
--- End of stack trace from previous location where exception was thrown ---
   at Microsoft.AspNetCore.Mvc.Infrastructure.ControllerActionInvoker.Rethrow(ActionExecutedContextSealed context)
   at Microsoft.AspNetCore.Mvc.Infrastructure.ControllerActionInvoker.Next(State& next, Scope& scope, Object& state, Boolean& isCompleted)
   at Microsoft.AspNetCore.Mvc.Infrastructure.ControllerActionInvoker.InvokeInnerFilterAsync()
--- End of stack trace from previous location where exception was thrown ---
   at Microsoft.AspNetCore.Mvc.Infrastructure.ResourceInvoker.<InvokeFilterPipelineAsync>g__Awaited|19_0(ResourceInvoker invoker, Task lastTask, State next, Scope scope, Object state, Boolean isCompleted)
   at Microsoft.AspNetCore.Mvc.Infrastructure.ResourceInvoker.<InvokeAsync>g__Awaited|17_0(ResourceInvoker invoker, Task task, IDisposable scope)
   at Microsoft.AspNetCore.Routing.EndpointMiddleware.<Invoke>g__AwaitRequestTask|6_0(Endpoint endpoint, Task requestTask, ILogger logger)
   at Microsoft.AspNetCore.Authorization.AuthorizationMiddleware.Invoke(HttpContext context)
   at Microsoft.AspNetCore.Authentication.AuthenticationMiddleware.Invoke(HttpContext context)
   at Swashbuckle.AspNetCore.SwaggerUI.SwaggerUIMiddleware.Invoke(HttpContext httpContext)
   at Swashbuckle.AspNetCore.Swagger.SwaggerMiddleware.Invoke(HttpContext httpContext, ISwaggerProvider swaggerProvider)
   at Microsoft.AspNetCore.Diagnostics.DeveloperExceptionPageMiddleware.Invoke(HttpContext context)
INFO  03:24:32 Application started. Press Ctrl+C to shut down.
INFO  03:24:32 Application started. Press Ctrl+C to shut down.
INFO  03:24:32 Hosting environment: Development
INFO  03:24:32 Hosting environment: Development
INFO  03:24:32 Content root path: C:\Users\889798\source\repos\AuditManagementSystem\AuthorizationService
INFO  03:24:32 Content root path: C:\Users\889798\source\repos\AuditManagementSystem\AuthorizationService
INFO  03:24:32  Http GET Request From: TokenController
INFO  03:24:32  GetJsonWebToken method of AuthProvider Called 
INFO  03:24:32  GenerateJWT method of AuthRepo Called 
INFO  05:39:05 Application started. Press Ctrl+C to shut down.
INFO  05:39:05 Application started. Press Ctrl+C to shut down.
INFO  05:39:05 Hosting environment: Development
INFO  05:39:05 Hosting environment: Development
INFO  05:39:05 Content root path: C:\Users\889798\source\repos\AuditManagementSystem\AuthorizationService
INFO  05:39:05 Content root path: C:\Users\889798\source\repos\AuditManagementSystem\AuthorizationService
INFO  05:39:05  Http GET Request From: TokenController
INFO  05:39:05  GetJsonWebToken method of AuthProvider Called 
INFO  05:39:05  GenerateJWT method of AuthRepo Called 
ERROR 05:39:18 An unhandled exception has occurred while executing the request.
System.ArgumentNullException: String reference not set to an instance of a String. (Parameter 's')
   at System.Text.Encoding.GetBytes(String s)
   at AuthorizationService.Repository.AuthRepo.GenerateJWT() in C:\Users\889798\source\repos\AuditManagementSystem\AuthorizationService\Repository\AuthRepo.cs:line 23
   at AuthorizationService.Providers.AuthProvider.GetJsonWebToken() in C:\Users\889798\source\repos\AuditManagementSystem\AuthorizationService\Providers\AuthProvider.cs:line 20
   at AuthorizationService.Controllers.TokenController.GenerateJSONWebToken() in C:\Users\889798\source\repos\AuditManagementSystem\AuthorizationService\Controllers\TokenController.cs:line 30
   at lambda_method(Closure , Object , Object[] )
   at Microsoft.Extensions.Internal.ObjectMethodExecutor.Execute(Object target, Object[] parameters)
   at Microsoft.AspNetCore.Mvc.Infrastructure.ActionMethodExecutor.SyncActionResultExecutor.Execute(IActionResultTypeMapper mapper, ObjectMethodExecutor executor, Object controller, Object[] arguments)
   at Microsoft.AspNetCore.Mvc.Infrastructure.ControllerActionInvoker.InvokeActionMethodAsync()
   at Microsoft.AspNetCore.Mvc.Infrastructure.ControllerActionInvoker.Next(State& next, Scope& scope, Object& state, Boolean& isCompleted)
   at Microsoft.AspNetCore.Mvc.Infrastructure.ControllerActionInvoker.InvokeNextActionFilterAsync()
--- End of stack trace from previous location where exception was thrown ---
   at Microsoft.AspNetCore.Mvc.Infrastructure.ControllerActionInvoker.Rethrow(ActionExecutedContextSealed context)
   at Microsoft.AspNetCore.Mvc.Infrastructure.ControllerActionInvoker.Next(State& next, Scope& scope, Object& state, Boolean& isCompleted)
   at Microsoft.AspNetCore.Mvc.Infrastructure.ControllerActionInvoker.InvokeInnerFilterAsync()
--- End of stack trace from previous location where exception was thrown ---
   at Microsoft.AspNetCore.Mvc.Infrastructure.ResourceInvoker.<InvokeFilterPipelineAsync>g__Awaited|19_0(ResourceInvoker invoker, Task lastTask, State next, Scope scope, Object state, Boolean isCompleted)
   at Microsoft.AspNetCore.Mvc.Infrastructure.ResourceInvoker.<InvokeAsync>g__Awaited|17_0(ResourceInvoker invoker, Task task, IDisposable scope)
   at Microsoft.AspNetCore.Routing.EndpointMiddleware.<Invoke>g__AwaitRequestTask|6_0(Endpoint endpoint, Task requestTask, ILogger logger)
   at Microsoft.AspNetCore.Authorization.AuthorizationMiddleware.Invoke(HttpContext context)
   at Microsoft.AspNetCore.Authentication.AuthenticationMiddleware.Invoke(HttpContext context)
   at Swashbuckle.AspNetCore.SwaggerUI.SwaggerUIMiddleware.Invoke(HttpContext httpContext)
   at Swashbuckle.AspNetCore.Swagger.SwaggerMiddleware.Invoke(HttpContext httpContext, ISwaggerProvider swaggerProvider)
   at Microsoft.AspNetCore.Diagnostics.DeveloperExceptionPageMiddleware.Invoke(HttpContext context)
ERROR 05:39:18 An unhandled exception has occurred while executing the request.
System.ArgumentNullException: String reference not set to an instance of a String. (Parameter 's')
   at System.Text.Encoding.GetBytes(String s)
   at AuthorizationService.Repository.AuthRepo.GenerateJWT() in C:\Users\889798\source\repos\AuditManagementSystem\AuthorizationService\Repository\AuthRepo.cs:line 23
   at AuthorizationService.Providers.AuthProvider.GetJsonWebToken() in C:\Users\889798\source\repos\AuditManagementSystem\AuthorizationService\Providers\AuthProvider.cs:line 20
   at AuthorizationService.Controllers.TokenController.GenerateJSONWebToken() in C:\Users\889798\source\repos\AuditManagementSystem\AuthorizationService\Controllers\TokenController.cs:line 30
   at lambda_method(Closure , Object , Object[] )
   at Microsoft.Extensions.Internal.ObjectMethodExecutor.Execute(Object target, Object[] parameters)
   at Microsoft.AspNetCore.Mvc.Infrastructure.ActionMethodExecutor.SyncActionResultExecutor.Execute(IActionResultTypeMapper mapper, ObjectMethodExecutor executor, Object controller, Object[] arguments)
   at Microsoft.AspNetCore.Mvc.Infrastructure.ControllerActionInvoker.InvokeActionMethodAsync()
   at Microsoft.AspNetCore.Mvc.Infrastructure.ControllerActionInvoker.Next(State& next, Scope& scope, Object& state, Boolean& isCompleted)
   at Microsoft.AspNetCore.Mvc.Infrastructure.ControllerActionInvoker.InvokeNextActionFilterAsync()
--- End of stack trace from previous location where exception was thrown ---
   at Microsoft.AspNetCore.Mvc.Infrastructure.ControllerActionInvoker.Rethrow(ActionExecutedContextSealed context)
   at Microsoft.AspNetCore.Mvc.Infrastructure.ControllerActionInvoker.Next(State& next, Scope& scope, Object& state, Boolean& isCompleted)
   at Microsoft.AspNetCore.Mvc.Infrastructure.ControllerActionInvoker.InvokeInnerFilterAsync()
--- End of stack trace from previous location where exception was thrown ---
   at Microsoft.AspNetCore.Mvc.Infrastructure.ResourceInvoker.<InvokeFilterPipelineAsync>g__Awaited|19_0(ResourceInvoker invoker, Task lastTask, State next, Scope scope, Object state, Boolean isCompleted)
   at Microsoft.AspNetCore.Mvc.Infrastructure.ResourceInvoker.<InvokeAsync>g__Awaited|17_0(ResourceInvoker invoker, Task task, IDisposable scope)
   at Microsoft.AspNetCore.Routing.EndpointMiddleware.<Invoke>g__AwaitRequestTask|6_0(Endpoint endpoint, Task requestTask, ILogger logger)
   at Microsoft.AspNetCore.Authorization.AuthorizationMiddleware.Invoke(HttpContext context)
   at Microsoft.AspNetCore.Authentication.AuthenticationMiddleware.Invoke(HttpContext context)
   at Swashbuckle.AspNetCore.SwaggerUI.SwaggerUIMiddleware.Invoke(HttpContext httpContext)
   at Swashbuckle.AspNetCore.Swagger.SwaggerMiddleware.Invoke(HttpContext httpContext, ISwaggerProvider swaggerProvider)
   at Microsoft.AspNetCore.Diagnostics.DeveloperExceptionPageMiddleware.Invoke(HttpContext context)
ERROR 05:46:58 An unhandled exception has occurred while executing the request.
System.ArgumentOutOfRangeException: IDX10603: Decryption failed. Keys tried: '[PII is hidden. For more details, see https://aka.ms/IdentityModel/PII.]'.
Exceptions caught:
 '[PII is hidden. For more details, see https://aka.ms/IdentityModel/PII.]'.
token: '[PII is hidden. For more details, see https://aka.ms/IdentityModel/PII.]' (Parameter 'KeySize')
   at Microsoft.IdentityModel.Tokens.SymmetricSignatureProvider..ctor(SecurityKey key, String algorithm, Boolean willCreateSignatures)
   at Microsoft.IdentityModel.Tokens.CryptoProviderFactory.CreateSignatureProvider(SecurityKey key, String algorithm, Boolean willCreateSignatures)
   at Microsoft.IdentityModel.Tokens.CryptoProviderFactory.CreateForSigning(SecurityKey key, String algorithm)
   at Microsoft.IdentityModel.JsonWebTokens.JwtTokenUtilities.CreateEncodedSignature(String input, SigningCredentials signingCredentials)
   at System.IdentityModel.Tokens.Jwt.JwtSecurityTokenHandler.CreateJwtSecurityTokenPrivate(String issuer, String audience, ClaimsIdentity subject, Nullable`1 notBefore, Nullable`1 expires, Nullable`1 issuedAt, SigningCredentials signingCredentials, EncryptingCredentials encryptingCredentials)
   at System.IdentityModel.Tokens.Jwt.JwtSecurityTokenHandler.CreateToken(SecurityTokenDescriptor tokenDescriptor)
   at AuthorizationService.Repository.UserRepository.Authenticate(String username, String password) in C:\Users\889798\source\repos\AuditManagementSystem\AuthorizationService\Repository\UserRepository.cs:line 46
   at AuthorizationService.Controllers.UserController.Authenticate(User model) in C:\Users\889798\source\repos\AuditManagementSystem\AuthorizationService\Controllers\UserController.cs:line 27
   at lambda_method(Closure , Object , Object[] )
   at Microsoft.Extensions.Internal.ObjectMethodExecutor.Execute(Object target, Object[] parameters)
   at Microsoft.AspNetCore.Mvc.Infrastructure.ActionMethodExecutor.SyncActionResultExecutor.Execute(IActionResultTypeMapper mapper, ObjectMethodExecutor executor, Object controller, Object[] arguments)
   at Microsoft.AspNetCore.Mvc.Infrastructure.ControllerActionInvoker.InvokeActionMethodAsync()
   at Microsoft.AspNetCore.Mvc.Infrastructure.ControllerActionInvoker.Next(State& next, Scope& scope, Object& state, Boolean& isCompleted)
   at Microsoft.AspNetCore.Mvc.Infrastructure.ControllerActionInvoker.InvokeNextActionFilterAsync()
--- End of stack trace from previous location where exception was thrown ---
   at Microsoft.AspNetCore.Mvc.Infrastructure.ControllerActionInvoker.Rethrow(ActionExecutedContextSealed context)
   at Microsoft.AspNetCore.Mvc.Infrastructure.ControllerActionInvoker.Next(State& next, Scope& scope, Object& state, Boolean& isCompleted)
   at Microsoft.AspNetCore.Mvc.Infrastructure.ControllerActionInvoker.InvokeInnerFilterAsync()
--- End of stack trace from previous location where exception was thrown ---
   at Microsoft.AspNetCore.Mvc.Infrastructure.ResourceInvoker.<InvokeFilterPipelineAsync>g__Awaited|19_0(ResourceInvoker invoker, Task lastTask, State next, Scope scope, Object state, Boolean isCompleted)
   at Microsoft.AspNetCore.Mvc.Infrastructure.ResourceInvoker.<InvokeAsync>g__Awaited|17_0(ResourceInvoker invoker, Task task, IDisposable scope)
   at Microsoft.AspNetCore.Routing.EndpointMiddleware.<Invoke>g__AwaitRequestTask|6_0(Endpoint endpoint, Task requestTask, ILogger logger)
   at Microsoft.AspNetCore.Authorization.AuthorizationMiddleware.Invoke(HttpContext context)
   at Microsoft.AspNetCore.Authentication.AuthenticationMiddleware.Invoke(HttpContext context)
   at Swashbuckle.AspNetCore.SwaggerUI.SwaggerUIMiddleware.Invoke(HttpContext httpContext)
   at Swashbuckle.AspNetCore.Swagger.SwaggerMiddleware.Invoke(HttpContext httpContext, ISwaggerProvider swaggerProvider)
   at Microsoft.AspNetCore.Diagnostics.DeveloperExceptionPageMiddleware.Invoke(HttpContext context)
ERROR 05:46:58 An unhandled exception has occurred while executing the request.
System.ArgumentOutOfRangeException: IDX10603: Decryption failed. Keys tried: '[PII is hidden. For more details, see https://aka.ms/IdentityModel/PII.]'.
Exceptions caught:
 '[PII is hidden. For more details, see https://aka.ms/IdentityModel/PII.]'.
token: '[PII is hidden. For more details, see https://aka.ms/IdentityModel/PII.]' (Parameter 'KeySize')
   at Microsoft.IdentityModel.Tokens.SymmetricSignatureProvider..ctor(SecurityKey key, String algorithm, Boolean willCreateSignatures)
   at Microsoft.IdentityModel.Tokens.CryptoProviderFactory.CreateSignatureProvider(SecurityKey key, String algorithm, Boolean willCreateSignatures)
   at Microsoft.IdentityModel.Tokens.CryptoProviderFactory.CreateForSigning(SecurityKey key, String algorithm)
   at Microsoft.IdentityModel.JsonWebTokens.JwtTokenUtilities.CreateEncodedSignature(String input, SigningCredentials signingCredentials)
   at System.IdentityModel.Tokens.Jwt.JwtSecurityTokenHandler.CreateJwtSecurityTokenPrivate(String issuer, String audience, ClaimsIdentity subject, Nullable`1 notBefore, Nullable`1 expires, Nullable`1 issuedAt, SigningCredentials signingCredentials, EncryptingCredentials encryptingCredentials)
   at System.IdentityModel.Tokens.Jwt.JwtSecurityTokenHandler.CreateToken(SecurityTokenDescriptor tokenDescriptor)
   at AuthorizationService.Repository.UserRepository.Authenticate(String username, String password) in C:\Users\889798\source\repos\AuditManagementSystem\AuthorizationService\Repository\UserRepository.cs:line 46
   at AuthorizationService.Controllers.UserController.Authenticate(User model) in C:\Users\889798\source\repos\AuditManagementSystem\AuthorizationService\Controllers\UserController.cs:line 27
   at lambda_method(Closure , Object , Object[] )
   at Microsoft.Extensions.Internal.ObjectMethodExecutor.Execute(Object target, Object[] parameters)
   at Microsoft.AspNetCore.Mvc.Infrastructure.ActionMethodExecutor.SyncActionResultExecutor.Execute(IActionResultTypeMapper mapper, ObjectMethodExecutor executor, Object controller, Object[] arguments)
   at Microsoft.AspNetCore.Mvc.Infrastructure.ControllerActionInvoker.InvokeActionMethodAsync()
   at Microsoft.AspNetCore.Mvc.Infrastructure.ControllerActionInvoker.Next(State& next, Scope& scope, Object& state, Boolean& isCompleted)
   at Microsoft.AspNetCore.Mvc.Infrastructure.ControllerActionInvoker.InvokeNextActionFilterAsync()
--- End of stack trace from previous location where exception was thrown ---
   at Microsoft.AspNetCore.Mvc.Infrastructure.ControllerActionInvoker.Rethrow(ActionExecutedContextSealed context)
   at Microsoft.AspNetCore.Mvc.Infrastructure.ControllerActionInvoker.Next(State& next, Scope& scope, Object& state, Boolean& isCompleted)
   at Microsoft.AspNetCore.Mvc.Infrastructure.ControllerActionInvoker.InvokeInnerFilterAsync()
--- End of stack trace from previous location where exception was thrown ---
   at Microsoft.AspNetCore.Mvc.Infrastructure.ResourceInvoker.<InvokeFilterPipelineAsync>g__Awaited|19_0(ResourceInvoker invoker, Task lastTask, State next, Scope scope, Object state, Boolean isCompleted)
   at Microsoft.AspNetCore.Mvc.Infrastructure.ResourceInvoker.<InvokeAsync>g__Awaited|17_0(ResourceInvoker invoker, Task task, IDisposable scope)
   at Microsoft.AspNetCore.Routing.EndpointMiddleware.<Invoke>g__AwaitRequestTask|6_0(Endpoint endpoint, Task requestTask, ILogger logger)
   at Microsoft.AspNetCore.Authorization.AuthorizationMiddleware.Invoke(HttpContext context)
   at Microsoft.AspNetCore.Authentication.AuthenticationMiddleware.Invoke(HttpContext context)
   at Swashbuckle.AspNetCore.SwaggerUI.SwaggerUIMiddleware.Invoke(HttpContext httpContext)
   at Swashbuckle.AspNetCore.Swagger.SwaggerMiddleware.Invoke(HttpContext httpContext, ISwaggerProvider swaggerProvider)
   at Microsoft.AspNetCore.Diagnostics.DeveloperExceptionPageMiddleware.Invoke(HttpContext context)
ERROR 05:52:03 An unhandled exception has occurred while executing the request.
System.ArgumentOutOfRangeException: IDX10603: Decryption failed. Keys tried: '[PII is hidden. For more details, see https://aka.ms/IdentityModel/PII.]'.
Exceptions caught:
 '[PII is hidden. For more details, see https://aka.ms/IdentityModel/PII.]'.
token: '[PII is hidden. For more details, see https://aka.ms/IdentityModel/PII.]' (Parameter 'KeySize')
   at Microsoft.IdentityModel.Tokens.SymmetricSignatureProvider..ctor(SecurityKey key, String algorithm, Boolean willCreateSignatures)
   at Microsoft.IdentityModel.Tokens.CryptoProviderFactory.CreateSignatureProvider(SecurityKey key, String algorithm, Boolean willCreateSignatures)
   at Microsoft.IdentityModel.Tokens.CryptoProviderFactory.CreateForSigning(SecurityKey key, String algorithm)
   at Microsoft.IdentityModel.JsonWebTokens.JwtTokenUtilities.CreateEncodedSignature(String input, SigningCredentials signingCredentials)
   at System.IdentityModel.Tokens.Jwt.JwtSecurityTokenHandler.CreateJwtSecurityTokenPrivate(String issuer, String audience, ClaimsIdentity subject, Nullable`1 notBefore, Nullable`1 expires, Nullable`1 issuedAt, SigningCredentials signingCredentials, EncryptingCredentials encryptingCredentials)
   at System.IdentityModel.Tokens.Jwt.JwtSecurityTokenHandler.CreateToken(SecurityTokenDescriptor tokenDescriptor)
   at AuthorizationService.Repository.UserRepository.Authenticate(String username, String password) in C:\Users\889798\source\repos\AuditManagementSystem\AuthorizationService\Repository\UserRepository.cs:line 46
   at AuthorizationService.Controllers.UserController.Authenticate(User model) in C:\Users\889798\source\repos\AuditManagementSystem\AuthorizationService\Controllers\UserController.cs:line 27
   at lambda_method(Closure , Object , Object[] )
   at Microsoft.Extensions.Internal.ObjectMethodExecutor.Execute(Object target, Object[] parameters)
   at Microsoft.AspNetCore.Mvc.Infrastructure.ActionMethodExecutor.SyncActionResultExecutor.Execute(IActionResultTypeMapper mapper, ObjectMethodExecutor executor, Object controller, Object[] arguments)
   at Microsoft.AspNetCore.Mvc.Infrastructure.ControllerActionInvoker.InvokeActionMethodAsync()
   at Microsoft.AspNetCore.Mvc.Infrastructure.ControllerActionInvoker.Next(State& next, Scope& scope, Object& state, Boolean& isCompleted)
   at Microsoft.AspNetCore.Mvc.Infrastructure.ControllerActionInvoker.InvokeNextActionFilterAsync()
--- End of stack trace from previous location where exception was thrown ---
   at Microsoft.AspNetCore.Mvc.Infrastructure.ControllerActionInvoker.Rethrow(ActionExecutedContextSealed context)
   at Microsoft.AspNetCore.Mvc.Infrastructure.ControllerActionInvoker.Next(State& next, Scope& scope, Object& state, Boolean& isCompleted)
   at Microsoft.AspNetCore.Mvc.Infrastructure.ControllerActionInvoker.InvokeInnerFilterAsync()
--- End of stack trace from previous location where exception was thrown ---
   at Microsoft.AspNetCore.Mvc.Infrastructure.ResourceInvoker.<InvokeFilterPipelineAsync>g__Awaited|19_0(ResourceInvoker invoker, Task lastTask, State next, Scope scope, Object state, Boolean isCompleted)
   at Microsoft.AspNetCore.Mvc.Infrastructure.ResourceInvoker.<InvokeAsync>g__Awaited|17_0(ResourceInvoker invoker, Task task, IDisposable scope)
   at Microsoft.AspNetCore.Routing.EndpointMiddleware.<Invoke>g__AwaitRequestTask|6_0(Endpoint endpoint, Task requestTask, ILogger logger)
   at Microsoft.AspNetCore.Authorization.AuthorizationMiddleware.Invoke(HttpContext context)
   at Microsoft.AspNetCore.Authentication.AuthenticationMiddleware.Invoke(HttpContext context)
   at Swashbuckle.AspNetCore.SwaggerUI.SwaggerUIMiddleware.Invoke(HttpContext httpContext)
   at Swashbuckle.AspNetCore.Swagger.SwaggerMiddleware.Invoke(HttpContext httpContext, ISwaggerProvider swaggerProvider)
   at Microsoft.AspNetCore.Diagnostics.DeveloperExceptionPageMiddleware.Invoke(HttpContext context)
ERROR 05:52:03 An unhandled exception has occurred while executing the request.
System.ArgumentOutOfRangeException: IDX10603: Decryption failed. Keys tried: '[PII is hidden. For more details, see https://aka.ms/IdentityModel/PII.]'.
Exceptions caught:
 '[PII is hidden. For more details, see https://aka.ms/IdentityModel/PII.]'.
token: '[PII is hidden. For more details, see https://aka.ms/IdentityModel/PII.]' (Parameter 'KeySize')
   at Microsoft.IdentityModel.Tokens.SymmetricSignatureProvider..ctor(SecurityKey key, String algorithm, Boolean willCreateSignatures)
   at Microsoft.IdentityModel.Tokens.CryptoProviderFactory.CreateSignatureProvider(SecurityKey key, String algorithm, Boolean willCreateSignatures)
   at Microsoft.IdentityModel.Tokens.CryptoProviderFactory.CreateForSigning(SecurityKey key, String algorithm)
   at Microsoft.IdentityModel.JsonWebTokens.JwtTokenUtilities.CreateEncodedSignature(String input, SigningCredentials signingCredentials)
   at System.IdentityModel.Tokens.Jwt.JwtSecurityTokenHandler.CreateJwtSecurityTokenPrivate(String issuer, String audience, ClaimsIdentity subject, Nullable`1 notBefore, Nullable`1 expires, Nullable`1 issuedAt, SigningCredentials signingCredentials, EncryptingCredentials encryptingCredentials)
   at System.IdentityModel.Tokens.Jwt.JwtSecurityTokenHandler.CreateToken(SecurityTokenDescriptor tokenDescriptor)
   at AuthorizationService.Repository.UserRepository.Authenticate(String username, String password) in C:\Users\889798\source\repos\AuditManagementSystem\AuthorizationService\Repository\UserRepository.cs:line 46
   at AuthorizationService.Controllers.UserController.Authenticate(User model) in C:\Users\889798\source\repos\AuditManagementSystem\AuthorizationService\Controllers\UserController.cs:line 27
   at lambda_method(Closure , Object , Object[] )
   at Microsoft.Extensions.Internal.ObjectMethodExecutor.Execute(Object target, Object[] parameters)
   at Microsoft.AspNetCore.Mvc.Infrastructure.ActionMethodExecutor.SyncActionResultExecutor.Execute(IActionResultTypeMapper mapper, ObjectMethodExecutor executor, Object controller, Object[] arguments)
   at Microsoft.AspNetCore.Mvc.Infrastructure.ControllerActionInvoker.InvokeActionMethodAsync()
   at Microsoft.AspNetCore.Mvc.Infrastructure.ControllerActionInvoker.Next(State& next, Scope& scope, Object& state, Boolean& isCompleted)
   at Microsoft.AspNetCore.Mvc.Infrastructure.ControllerActionInvoker.InvokeNextActionFilterAsync()
--- End of stack trace from previous location where exception was thrown ---
   at Microsoft.AspNetCore.Mvc.Infrastructure.ControllerActionInvoker.Rethrow(ActionExecutedContextSealed context)
   at Microsoft.AspNetCore.Mvc.Infrastructure.ControllerActionInvoker.Next(State& next, Scope& scope, Object& state, Boolean& isCompleted)
   at Microsoft.AspNetCore.Mvc.Infrastructure.ControllerActionInvoker.InvokeInnerFilterAsync()
--- End of stack trace from previous location where exception was thrown ---
   at Microsoft.AspNetCore.Mvc.Infrastructure.ResourceInvoker.<InvokeFilterPipelineAsync>g__Awaited|19_0(ResourceInvoker invoker, Task lastTask, State next, Scope scope, Object state, Boolean isCompleted)
   at Microsoft.AspNetCore.Mvc.Infrastructure.ResourceInvoker.<InvokeAsync>g__Awaited|17_0(ResourceInvoker invoker, Task task, IDisposable scope)
   at Microsoft.AspNetCore.Routing.EndpointMiddleware.<Invoke>g__AwaitRequestTask|6_0(Endpoint endpoint, Task requestTask, ILogger logger)
   at Microsoft.AspNetCore.Authorization.AuthorizationMiddleware.Invoke(HttpContext context)
   at Microsoft.AspNetCore.Authentication.AuthenticationMiddleware.Invoke(HttpContext context)
   at Swashbuckle.AspNetCore.SwaggerUI.SwaggerUIMiddleware.Invoke(HttpContext httpContext)
   at Swashbuckle.AspNetCore.Swagger.SwaggerMiddleware.Invoke(HttpContext httpContext, ISwaggerProvider swaggerProvider)
   at Microsoft.AspNetCore.Diagnostics.DeveloperExceptionPageMiddleware.Invoke(HttpContext context)
INFO  05:52:59 Application started. Press Ctrl+C to shut down.
INFO  05:52:59 Application started. Press Ctrl+C to shut down.
INFO  05:52:59 Hosting environment: Development
INFO  05:52:59 Hosting environment: Development
INFO  05:52:59 Content root path: C:\Users\889798\source\repos\AuditManagementSystem\AuthorizationService
INFO  05:52:59 Content root path: C:\Users\889798\source\repos\AuditManagementSystem\AuthorizationService
INFO  05:52:59  Http GET Request From: TokenController
INFO  05:52:59  GetJsonWebToken method of AuthProvider Called 
INFO  05:52:59  GenerateJWT method of AuthRepo Called 
ERROR 05:56:12 An unhandled exception has occurred while executing the request.
System.ArgumentNullException: String reference not set to an instance of a String. (Parameter 's')
   at System.Text.Encoding.GetBytes(String s)
   at AuthorizationService.Repository.AuthRepo.GenerateJWT() in C:\Users\889798\source\repos\AuditManagementSystem\AuthorizationService\Repository\AuthRepo.cs:line 23
   at AuthorizationService.Providers.AuthProvider.GetJsonWebToken() in C:\Users\889798\source\repos\AuditManagementSystem\AuthorizationService\Providers\AuthProvider.cs:line 20
   at AuthorizationService.Controllers.TokenController.GenerateJSONWebToken() in C:\Users\889798\source\repos\AuditManagementSystem\AuthorizationService\Controllers\TokenController.cs:line 30
   at lambda_method(Closure , Object , Object[] )
   at Microsoft.Extensions.Internal.ObjectMethodExecutor.Execute(Object target, Object[] parameters)
   at Microsoft.AspNetCore.Mvc.Infrastructure.ActionMethodExecutor.SyncActionResultExecutor.Execute(IActionResultTypeMapper mapper, ObjectMethodExecutor executor, Object controller, Object[] arguments)
   at Microsoft.AspNetCore.Mvc.Infrastructure.ControllerActionInvoker.InvokeActionMethodAsync()
   at Microsoft.AspNetCore.Mvc.Infrastructure.ControllerActionInvoker.Next(State& next, Scope& scope, Object& state, Boolean& isCompleted)
   at Microsoft.AspNetCore.Mvc.Infrastructure.ControllerActionInvoker.InvokeNextActionFilterAsync()
--- End of stack trace from previous location where exception was thrown ---
   at Microsoft.AspNetCore.Mvc.Infrastructure.ControllerActionInvoker.Rethrow(ActionExecutedContextSealed context)
   at Microsoft.AspNetCore.Mvc.Infrastructure.ControllerActionInvoker.Next(State& next, Scope& scope, Object& state, Boolean& isCompleted)
   at Microsoft.AspNetCore.Mvc.Infrastructure.ControllerActionInvoker.InvokeInnerFilterAsync()
--- End of stack trace from previous location where exception was thrown ---
   at Microsoft.AspNetCore.Mvc.Infrastructure.ResourceInvoker.<InvokeFilterPipelineAsync>g__Awaited|19_0(ResourceInvoker invoker, Task lastTask, State next, Scope scope, Object state, Boolean isCompleted)
   at Microsoft.AspNetCore.Mvc.Infrastructure.ResourceInvoker.<InvokeAsync>g__Awaited|17_0(ResourceInvoker invoker, Task task, IDisposable scope)
   at Microsoft.AspNetCore.Routing.EndpointMiddleware.<Invoke>g__AwaitRequestTask|6_0(Endpoint endpoint, Task requestTask, ILogger logger)
   at Microsoft.AspNetCore.Authorization.AuthorizationMiddleware.Invoke(HttpContext context)
   at Microsoft.AspNetCore.Authentication.AuthenticationMiddleware.Invoke(HttpContext context)
   at Swashbuckle.AspNetCore.SwaggerUI.SwaggerUIMiddleware.Invoke(HttpContext httpContext)
   at Swashbuckle.AspNetCore.Swagger.SwaggerMiddleware.Invoke(HttpContext httpContext, ISwaggerProvider swaggerProvider)
   at Microsoft.AspNetCore.Diagnostics.DeveloperExceptionPageMiddleware.Invoke(HttpContext context)
ERROR 05:56:12 An unhandled exception has occurred while executing the request.
System.ArgumentNullException: String reference not set to an instance of a String. (Parameter 's')
   at System.Text.Encoding.GetBytes(String s)
   at AuthorizationService.Repository.AuthRepo.GenerateJWT() in C:\Users\889798\source\repos\AuditManagementSystem\AuthorizationService\Repository\AuthRepo.cs:line 23
   at AuthorizationService.Providers.AuthProvider.GetJsonWebToken() in C:\Users\889798\source\repos\AuditManagementSystem\AuthorizationService\Providers\AuthProvider.cs:line 20
   at AuthorizationService.Controllers.TokenController.GenerateJSONWebToken() in C:\Users\889798\source\repos\AuditManagementSystem\AuthorizationService\Controllers\TokenController.cs:line 30
   at lambda_method(Closure , Object , Object[] )
   at Microsoft.Extensions.Internal.ObjectMethodExecutor.Execute(Object target, Object[] parameters)
   at Microsoft.AspNetCore.Mvc.Infrastructure.ActionMethodExecutor.SyncActionResultExecutor.Execute(IActionResultTypeMapper mapper, ObjectMethodExecutor executor, Object controller, Object[] arguments)
   at Microsoft.AspNetCore.Mvc.Infrastructure.ControllerActionInvoker.InvokeActionMethodAsync()
   at Microsoft.AspNetCore.Mvc.Infrastructure.ControllerActionInvoker.Next(State& next, Scope& scope, Object& state, Boolean& isCompleted)
   at Microsoft.AspNetCore.Mvc.Infrastructure.ControllerActionInvoker.InvokeNextActionFilterAsync()
--- End of stack trace from previous location where exception was thrown ---
   at Microsoft.AspNetCore.Mvc.Infrastructure.ControllerActionInvoker.Rethrow(ActionExecutedContextSealed context)
   at Microsoft.AspNetCore.Mvc.Infrastructure.ControllerActionInvoker.Next(State& next, Scope& scope, Object& state, Boolean& isCompleted)
   at Microsoft.AspNetCore.Mvc.Infrastructure.ControllerActionInvoker.InvokeInnerFilterAsync()
--- End of stack trace from previous location where exception was thrown ---
   at Microsoft.AspNetCore.Mvc.Infrastructure.ResourceInvoker.<InvokeFilterPipelineAsync>g__Awaited|19_0(ResourceInvoker invoker, Task lastTask, State next, Scope scope, Object state, Boolean isCompleted)
   at Microsoft.AspNetCore.Mvc.Infrastructure.ResourceInvoker.<InvokeAsync>g__Awaited|17_0(ResourceInvoker invoker, Task task, IDisposable scope)
   at Microsoft.AspNetCore.Routing.EndpointMiddleware.<Invoke>g__AwaitRequestTask|6_0(Endpoint endpoint, Task requestTask, ILogger logger)
   at Microsoft.AspNetCore.Authorization.AuthorizationMiddleware.Invoke(HttpContext context)
   at Microsoft.AspNetCore.Authentication.AuthenticationMiddleware.Invoke(HttpContext context)
   at Swashbuckle.AspNetCore.SwaggerUI.SwaggerUIMiddleware.Invoke(HttpContext httpContext)
   at Swashbuckle.AspNetCore.Swagger.SwaggerMiddleware.Invoke(HttpContext httpContext, ISwaggerProvider swaggerProvider)
   at Microsoft.AspNetCore.Diagnostics.DeveloperExceptionPageMiddleware.Invoke(HttpContext context)
INFO  05:58:35 Application started. Press Ctrl+C to shut down.
INFO  05:58:35 Application started. Press Ctrl+C to shut down.
INFO  05:58:35 Hosting environment: Development
INFO  05:58:35 Hosting environment: Development
INFO  05:58:35 Content root path: C:\Users\889798\source\repos\AuditManagementSystem\AuthorizationService
INFO  05:58:35 Content root path: C:\Users\889798\source\repos\AuditManagementSystem\AuthorizationService
INFO  06:01:51 Application started. Press Ctrl+C to shut down.
INFO  06:01:51 Application started. Press Ctrl+C to shut down.
INFO  06:01:51 Hosting environment: Development
INFO  06:01:51 Hosting environment: Development
INFO  06:01:51 Content root path: C:\Users\889798\source\repos\AuditManagementSystem\AuthorizationService
INFO  06:01:51 Content root path: C:\Users\889798\source\repos\AuditManagementSystem\AuthorizationService
INFO  06:06:10 Application started. Press Ctrl+C to shut down.
INFO  06:06:10 Application started. Press Ctrl+C to shut down.
INFO  06:06:10 Hosting environment: Development
INFO  06:06:10 Hosting environment: Development
INFO  06:06:10 Content root path: C:\Users\889798\source\repos\AuditManagementSystem\AuthorizationService
INFO  06:06:10 Content root path: C:\Users\889798\source\repos\AuditManagementSystem\AuthorizationService
INFO  06:12:43 Application started. Press Ctrl+C to shut down.
INFO  06:12:43 Application started. Press Ctrl+C to shut down.
INFO  06:12:43 Hosting environment: Development
INFO  06:12:43 Hosting environment: Development
INFO  06:12:43 Content root path: C:\Users\889798\source\repos\AuditManagementSystem\AuthorizationService
INFO  06:12:43 Content root path: C:\Users\889798\source\repos\AuditManagementSystem\AuthorizationService
INFO  06:13:53 Application started. Press Ctrl+C to shut down.
INFO  06:13:53 Application started. Press Ctrl+C to shut down.
INFO  06:13:53 Hosting environment: Development
INFO  06:13:53 Hosting environment: Development
INFO  06:13:53 Content root path: C:\Users\889798\source\repos\AuditManagementSystem\AuthorizationService
INFO  06:13:53 Content root path: C:\Users\889798\source\repos\AuditManagementSystem\AuthorizationService
INFO  07:03:07 Application started. Press Ctrl+C to shut down.
INFO  07:03:07 Application started. Press Ctrl+C to shut down.
INFO  07:03:07 Hosting environment: Development
INFO  07:03:07 Hosting environment: Development
INFO  07:03:07 Content root path: C:\Users\889798\source\repos\AuditManagementSystem\AuthorizationService
INFO  07:03:07 Content root path: C:\Users\889798\source\repos\AuditManagementSystem\AuthorizationService
INFO  03:20:57 Application started. Press Ctrl+C to shut down.
INFO  03:20:57 Application started. Press Ctrl+C to shut down.
INFO  03:20:57 Hosting environment: Development
INFO  03:20:57 Hosting environment: Development
INFO  03:20:57 Content root path: C:\Users\889798\source\repos\AuditManagementSystem\AuthorizationService
INFO  03:20:57 Content root path: C:\Users\889798\source\repos\AuditManagementSystem\AuthorizationService
INFO  03:31:09 Application started. Press Ctrl+C to shut down.
INFO  03:31:09 Application started. Press Ctrl+C to shut down.
INFO  03:31:09 Hosting environment: Development
INFO  03:31:09 Hosting environment: Development
INFO  03:31:09 Content root path: C:\Users\889798\source\repos\AuditManagementSystem\AuthorizationService
INFO  03:31:09 Content root path: C:\Users\889798\source\repos\AuditManagementSystem\AuthorizationService
INFO  06:01:39 Application started. Press Ctrl+C to shut down.
INFO  06:01:39 Application started. Press Ctrl+C to shut down.
INFO  06:01:39 Hosting environment: Development
INFO  06:01:39 Hosting environment: Development
INFO  06:01:39 Content root path: C:\Users\889798\source\repos\AuditManagementSystem\AuthorizationService
INFO  06:01:39 Content root path: C:\Users\889798\source\repos\AuditManagementSystem\AuthorizationService
ERROR 06:01:56 An unhandled exception has occurred while executing the request.
System.InvalidOperationException: Unable to resolve service for type 'AuthorizationService.Providers.IUserAuthProvider' while attempting to activate 'AuthorizationService.Controllers.UserController'.
   at Microsoft.Extensions.DependencyInjection.ActivatorUtilities.GetService(IServiceProvider sp, Type type, Type requiredBy, Boolean isDefaultParameterRequired)
   at lambda_method(Closure , IServiceProvider , Object[] )
   at Microsoft.AspNetCore.Mvc.Controllers.ControllerActivatorProvider.<>c__DisplayClass4_0.<CreateActivator>b__0(ControllerContext controllerContext)
   at Microsoft.AspNetCore.Mvc.Controllers.ControllerFactoryProvider.<>c__DisplayClass5_0.<CreateControllerFactory>g__CreateController|0(ControllerContext controllerContext)
   at Microsoft.AspNetCore.Mvc.Infrastructure.ControllerActionInvoker.Next(State& next, Scope& scope, Object& state, Boolean& isCompleted)
   at Microsoft.AspNetCore.Mvc.Infrastructure.ControllerActionInvoker.InvokeInnerFilterAsync()
--- End of stack trace from previous location where exception was thrown ---
   at Microsoft.AspNetCore.Mvc.Infrastructure.ResourceInvoker.<InvokeFilterPipelineAsync>g__Awaited|19_0(ResourceInvoker invoker, Task lastTask, State next, Scope scope, Object state, Boolean isCompleted)
   at Microsoft.AspNetCore.Mvc.Infrastructure.ResourceInvoker.<InvokeAsync>g__Awaited|17_0(ResourceInvoker invoker, Task task, IDisposable scope)
   at Microsoft.AspNetCore.Routing.EndpointMiddleware.<Invoke>g__AwaitRequestTask|6_0(Endpoint endpoint, Task requestTask, ILogger logger)
   at Microsoft.AspNetCore.Authorization.AuthorizationMiddleware.Invoke(HttpContext context)
   at Microsoft.AspNetCore.Authentication.AuthenticationMiddleware.Invoke(HttpContext context)
   at Swashbuckle.AspNetCore.SwaggerUI.SwaggerUIMiddleware.Invoke(HttpContext httpContext)
   at Swashbuckle.AspNetCore.Swagger.SwaggerMiddleware.Invoke(HttpContext httpContext, ISwaggerProvider swaggerProvider)
   at Microsoft.AspNetCore.Diagnostics.DeveloperExceptionPageMiddleware.Invoke(HttpContext context)
ERROR 06:01:56 An unhandled exception has occurred while executing the request.
System.InvalidOperationException: Unable to resolve service for type 'AuthorizationService.Providers.IUserAuthProvider' while attempting to activate 'AuthorizationService.Controllers.UserController'.
   at Microsoft.Extensions.DependencyInjection.ActivatorUtilities.GetService(IServiceProvider sp, Type type, Type requiredBy, Boolean isDefaultParameterRequired)
   at lambda_method(Closure , IServiceProvider , Object[] )
   at Microsoft.AspNetCore.Mvc.Controllers.ControllerActivatorProvider.<>c__DisplayClass4_0.<CreateActivator>b__0(ControllerContext controllerContext)
   at Microsoft.AspNetCore.Mvc.Controllers.ControllerFactoryProvider.<>c__DisplayClass5_0.<CreateControllerFactory>g__CreateController|0(ControllerContext controllerContext)
   at Microsoft.AspNetCore.Mvc.Infrastructure.ControllerActionInvoker.Next(State& next, Scope& scope, Object& state, Boolean& isCompleted)
   at Microsoft.AspNetCore.Mvc.Infrastructure.ControllerActionInvoker.InvokeInnerFilterAsync()
--- End of stack trace from previous location where exception was thrown ---
   at Microsoft.AspNetCore.Mvc.Infrastructure.ResourceInvoker.<InvokeFilterPipelineAsync>g__Awaited|19_0(ResourceInvoker invoker, Task lastTask, State next, Scope scope, Object state, Boolean isCompleted)
   at Microsoft.AspNetCore.Mvc.Infrastructure.ResourceInvoker.<InvokeAsync>g__Awaited|17_0(ResourceInvoker invoker, Task task, IDisposable scope)
   at Microsoft.AspNetCore.Routing.EndpointMiddleware.<Invoke>g__AwaitRequestTask|6_0(Endpoint endpoint, Task requestTask, ILogger logger)
   at Microsoft.AspNetCore.Authorization.AuthorizationMiddleware.Invoke(HttpContext context)
   at Microsoft.AspNetCore.Authentication.AuthenticationMiddleware.Invoke(HttpContext context)
   at Swashbuckle.AspNetCore.SwaggerUI.SwaggerUIMiddleware.Invoke(HttpContext httpContext)
   at Swashbuckle.AspNetCore.Swagger.SwaggerMiddleware.Invoke(HttpContext httpContext, ISwaggerProvider swaggerProvider)
   at Microsoft.AspNetCore.Diagnostics.DeveloperExceptionPageMiddleware.Invoke(HttpContext context)
ERROR 06:02:48 An unhandled exception has occurred while executing the request.
System.InvalidOperationException: Unable to resolve service for type 'AuthorizationService.Providers.IUserAuthProvider' while attempting to activate 'AuthorizationService.Controllers.UserController'.
   at Microsoft.Extensions.DependencyInjection.ActivatorUtilities.GetService(IServiceProvider sp, Type type, Type requiredBy, Boolean isDefaultParameterRequired)
   at lambda_method(Closure , IServiceProvider , Object[] )
   at Microsoft.AspNetCore.Mvc.Controllers.ControllerActivatorProvider.<>c__DisplayClass4_0.<CreateActivator>b__0(ControllerContext controllerContext)
   at Microsoft.AspNetCore.Mvc.Controllers.ControllerFactoryProvider.<>c__DisplayClass5_0.<CreateControllerFactory>g__CreateController|0(ControllerContext controllerContext)
   at Microsoft.AspNetCore.Mvc.Infrastructure.ControllerActionInvoker.Next(State& next, Scope& scope, Object& state, Boolean& isCompleted)
   at Microsoft.AspNetCore.Mvc.Infrastructure.ControllerActionInvoker.InvokeInnerFilterAsync()
--- End of stack trace from previous location where exception was thrown ---
   at Microsoft.AspNetCore.Mvc.Infrastructure.ResourceInvoker.<InvokeFilterPipelineAsync>g__Awaited|19_0(ResourceInvoker invoker, Task lastTask, State next, Scope scope, Object state, Boolean isCompleted)
   at Microsoft.AspNetCore.Mvc.Infrastructure.ResourceInvoker.<InvokeAsync>g__Awaited|17_0(ResourceInvoker invoker, Task task, IDisposable scope)
   at Microsoft.AspNetCore.Routing.EndpointMiddleware.<Invoke>g__AwaitRequestTask|6_0(Endpoint endpoint, Task requestTask, ILogger logger)
   at Microsoft.AspNetCore.Authorization.AuthorizationMiddleware.Invoke(HttpContext context)
   at Microsoft.AspNetCore.Authentication.AuthenticationMiddleware.Invoke(HttpContext context)
   at Swashbuckle.AspNetCore.SwaggerUI.SwaggerUIMiddleware.Invoke(HttpContext httpContext)
   at Swashbuckle.AspNetCore.Swagger.SwaggerMiddleware.Invoke(HttpContext httpContext, ISwaggerProvider swaggerProvider)
   at Microsoft.AspNetCore.Diagnostics.DeveloperExceptionPageMiddleware.Invoke(HttpContext context)
ERROR 06:02:48 An unhandled exception has occurred while executing the request.
System.InvalidOperationException: Unable to resolve service for type 'AuthorizationService.Providers.IUserAuthProvider' while attempting to activate 'AuthorizationService.Controllers.UserController'.
   at Microsoft.Extensions.DependencyInjection.ActivatorUtilities.GetService(IServiceProvider sp, Type type, Type requiredBy, Boolean isDefaultParameterRequired)
   at lambda_method(Closure , IServiceProvider , Object[] )
   at Microsoft.AspNetCore.Mvc.Controllers.ControllerActivatorProvider.<>c__DisplayClass4_0.<CreateActivator>b__0(ControllerContext controllerContext)
   at Microsoft.AspNetCore.Mvc.Controllers.ControllerFactoryProvider.<>c__DisplayClass5_0.<CreateControllerFactory>g__CreateController|0(ControllerContext controllerContext)
   at Microsoft.AspNetCore.Mvc.Infrastructure.ControllerActionInvoker.Next(State& next, Scope& scope, Object& state, Boolean& isCompleted)
   at Microsoft.AspNetCore.Mvc.Infrastructure.ControllerActionInvoker.InvokeInnerFilterAsync()
--- End of stack trace from previous location where exception was thrown ---
   at Microsoft.AspNetCore.Mvc.Infrastructure.ResourceInvoker.<InvokeFilterPipelineAsync>g__Awaited|19_0(ResourceInvoker invoker, Task lastTask, State next, Scope scope, Object state, Boolean isCompleted)
   at Microsoft.AspNetCore.Mvc.Infrastructure.ResourceInvoker.<InvokeAsync>g__Awaited|17_0(ResourceInvoker invoker, Task task, IDisposable scope)
   at Microsoft.AspNetCore.Routing.EndpointMiddleware.<Invoke>g__AwaitRequestTask|6_0(Endpoint endpoint, Task requestTask, ILogger logger)
   at Microsoft.AspNetCore.Authorization.AuthorizationMiddleware.Invoke(HttpContext context)
   at Microsoft.AspNetCore.Authentication.AuthenticationMiddleware.Invoke(HttpContext context)
   at Swashbuckle.AspNetCore.SwaggerUI.SwaggerUIMiddleware.Invoke(HttpContext httpContext)
   at Swashbuckle.AspNetCore.Swagger.SwaggerMiddleware.Invoke(HttpContext httpContext, ISwaggerProvider swaggerProvider)
   at Microsoft.AspNetCore.Diagnostics.DeveloperExceptionPageMiddleware.Invoke(HttpContext context)
ERROR 06:02:51 An unhandled exception has occurred while executing the request.
System.InvalidOperationException: Unable to resolve service for type 'AuthorizationService.Providers.IUserAuthProvider' while attempting to activate 'AuthorizationService.Controllers.UserController'.
   at Microsoft.Extensions.DependencyInjection.ActivatorUtilities.GetService(IServiceProvider sp, Type type, Type requiredBy, Boolean isDefaultParameterRequired)
   at lambda_method(Closure , IServiceProvider , Object[] )
   at Microsoft.AspNetCore.Mvc.Controllers.ControllerActivatorProvider.<>c__DisplayClass4_0.<CreateActivator>b__0(ControllerContext controllerContext)
   at Microsoft.AspNetCore.Mvc.Controllers.ControllerFactoryProvider.<>c__DisplayClass5_0.<CreateControllerFactory>g__CreateController|0(ControllerContext controllerContext)
   at Microsoft.AspNetCore.Mvc.Infrastructure.ControllerActionInvoker.Next(State& next, Scope& scope, Object& state, Boolean& isCompleted)
   at Microsoft.AspNetCore.Mvc.Infrastructure.ControllerActionInvoker.InvokeInnerFilterAsync()
--- End of stack trace from previous location where exception was thrown ---
   at Microsoft.AspNetCore.Mvc.Infrastructure.ResourceInvoker.<InvokeFilterPipelineAsync>g__Awaited|19_0(ResourceInvoker invoker, Task lastTask, State next, Scope scope, Object state, Boolean isCompleted)
   at Microsoft.AspNetCore.Mvc.Infrastructure.ResourceInvoker.<InvokeAsync>g__Awaited|17_0(ResourceInvoker invoker, Task task, IDisposable scope)
   at Microsoft.AspNetCore.Routing.EndpointMiddleware.<Invoke>g__AwaitRequestTask|6_0(Endpoint endpoint, Task requestTask, ILogger logger)
   at Microsoft.AspNetCore.Authorization.AuthorizationMiddleware.Invoke(HttpContext context)
   at Microsoft.AspNetCore.Authentication.AuthenticationMiddleware.Invoke(HttpContext context)
   at Swashbuckle.AspNetCore.SwaggerUI.SwaggerUIMiddleware.Invoke(HttpContext httpContext)
   at Swashbuckle.AspNetCore.Swagger.SwaggerMiddleware.Invoke(HttpContext httpContext, ISwaggerProvider swaggerProvider)
   at Microsoft.AspNetCore.Diagnostics.DeveloperExceptionPageMiddleware.Invoke(HttpContext context)
ERROR 06:02:51 An unhandled exception has occurred while executing the request.
System.InvalidOperationException: Unable to resolve service for type 'AuthorizationService.Providers.IUserAuthProvider' while attempting to activate 'AuthorizationService.Controllers.UserController'.
   at Microsoft.Extensions.DependencyInjection.ActivatorUtilities.GetService(IServiceProvider sp, Type type, Type requiredBy, Boolean isDefaultParameterRequired)
   at lambda_method(Closure , IServiceProvider , Object[] )
   at Microsoft.AspNetCore.Mvc.Controllers.ControllerActivatorProvider.<>c__DisplayClass4_0.<CreateActivator>b__0(ControllerContext controllerContext)
   at Microsoft.AspNetCore.Mvc.Controllers.ControllerFactoryProvider.<>c__DisplayClass5_0.<CreateControllerFactory>g__CreateController|0(ControllerContext controllerContext)
   at Microsoft.AspNetCore.Mvc.Infrastructure.ControllerActionInvoker.Next(State& next, Scope& scope, Object& state, Boolean& isCompleted)
   at Microsoft.AspNetCore.Mvc.Infrastructure.ControllerActionInvoker.InvokeInnerFilterAsync()
--- End of stack trace from previous location where exception was thrown ---
   at Microsoft.AspNetCore.Mvc.Infrastructure.ResourceInvoker.<InvokeFilterPipelineAsync>g__Awaited|19_0(ResourceInvoker invoker, Task lastTask, State next, Scope scope, Object state, Boolean isCompleted)
   at Microsoft.AspNetCore.Mvc.Infrastructure.ResourceInvoker.<InvokeAsync>g__Awaited|17_0(ResourceInvoker invoker, Task task, IDisposable scope)
   at Microsoft.AspNetCore.Routing.EndpointMiddleware.<Invoke>g__AwaitRequestTask|6_0(Endpoint endpoint, Task requestTask, ILogger logger)
   at Microsoft.AspNetCore.Authorization.AuthorizationMiddleware.Invoke(HttpContext context)
   at Microsoft.AspNetCore.Authentication.AuthenticationMiddleware.Invoke(HttpContext context)
   at Swashbuckle.AspNetCore.SwaggerUI.SwaggerUIMiddleware.Invoke(HttpContext httpContext)
   at Swashbuckle.AspNetCore.Swagger.SwaggerMiddleware.Invoke(HttpContext httpContext, ISwaggerProvider swaggerProvider)
   at Microsoft.AspNetCore.Diagnostics.DeveloperExceptionPageMiddleware.Invoke(HttpContext context)
ERROR 06:03:56 An unhandled exception has occurred while executing the request.
System.InvalidOperationException: Unable to resolve service for type 'AuthorizationService.Providers.IUserAuthProvider' while attempting to activate 'AuthorizationService.Controllers.UserController'.
   at Microsoft.Extensions.DependencyInjection.ActivatorUtilities.GetService(IServiceProvider sp, Type type, Type requiredBy, Boolean isDefaultParameterRequired)
   at lambda_method(Closure , IServiceProvider , Object[] )
   at Microsoft.AspNetCore.Mvc.Controllers.ControllerActivatorProvider.<>c__DisplayClass4_0.<CreateActivator>b__0(ControllerContext controllerContext)
   at Microsoft.AspNetCore.Mvc.Controllers.ControllerFactoryProvider.<>c__DisplayClass5_0.<CreateControllerFactory>g__CreateController|0(ControllerContext controllerContext)
   at Microsoft.AspNetCore.Mvc.Infrastructure.ControllerActionInvoker.Next(State& next, Scope& scope, Object& state, Boolean& isCompleted)
   at Microsoft.AspNetCore.Mvc.Infrastructure.ControllerActionInvoker.InvokeInnerFilterAsync()
--- End of stack trace from previous location where exception was thrown ---
   at Microsoft.AspNetCore.Mvc.Infrastructure.ResourceInvoker.<InvokeFilterPipelineAsync>g__Awaited|19_0(ResourceInvoker invoker, Task lastTask, State next, Scope scope, Object state, Boolean isCompleted)
   at Microsoft.AspNetCore.Mvc.Infrastructure.ResourceInvoker.<InvokeAsync>g__Awaited|17_0(ResourceInvoker invoker, Task task, IDisposable scope)
   at Microsoft.AspNetCore.Routing.EndpointMiddleware.<Invoke>g__AwaitRequestTask|6_0(Endpoint endpoint, Task requestTask, ILogger logger)
   at Microsoft.AspNetCore.Authorization.AuthorizationMiddleware.Invoke(HttpContext context)
   at Microsoft.AspNetCore.Authentication.AuthenticationMiddleware.Invoke(HttpContext context)
   at Swashbuckle.AspNetCore.SwaggerUI.SwaggerUIMiddleware.Invoke(HttpContext httpContext)
   at Swashbuckle.AspNetCore.Swagger.SwaggerMiddleware.Invoke(HttpContext httpContext, ISwaggerProvider swaggerProvider)
   at Microsoft.AspNetCore.Diagnostics.DeveloperExceptionPageMiddleware.Invoke(HttpContext context)
ERROR 06:03:56 An unhandled exception has occurred while executing the request.
System.InvalidOperationException: Unable to resolve service for type 'AuthorizationService.Providers.IUserAuthProvider' while attempting to activate 'AuthorizationService.Controllers.UserController'.
   at Microsoft.Extensions.DependencyInjection.ActivatorUtilities.GetService(IServiceProvider sp, Type type, Type requiredBy, Boolean isDefaultParameterRequired)
   at lambda_method(Closure , IServiceProvider , Object[] )
   at Microsoft.AspNetCore.Mvc.Controllers.ControllerActivatorProvider.<>c__DisplayClass4_0.<CreateActivator>b__0(ControllerContext controllerContext)
   at Microsoft.AspNetCore.Mvc.Controllers.ControllerFactoryProvider.<>c__DisplayClass5_0.<CreateControllerFactory>g__CreateController|0(ControllerContext controllerContext)
   at Microsoft.AspNetCore.Mvc.Infrastructure.ControllerActionInvoker.Next(State& next, Scope& scope, Object& state, Boolean& isCompleted)
   at Microsoft.AspNetCore.Mvc.Infrastructure.ControllerActionInvoker.InvokeInnerFilterAsync()
--- End of stack trace from previous location where exception was thrown ---
   at Microsoft.AspNetCore.Mvc.Infrastructure.ResourceInvoker.<InvokeFilterPipelineAsync>g__Awaited|19_0(ResourceInvoker invoker, Task lastTask, State next, Scope scope, Object state, Boolean isCompleted)
   at Microsoft.AspNetCore.Mvc.Infrastructure.ResourceInvoker.<InvokeAsync>g__Awaited|17_0(ResourceInvoker invoker, Task task, IDisposable scope)
   at Microsoft.AspNetCore.Routing.EndpointMiddleware.<Invoke>g__AwaitRequestTask|6_0(Endpoint endpoint, Task requestTask, ILogger logger)
   at Microsoft.AspNetCore.Authorization.AuthorizationMiddleware.Invoke(HttpContext context)
   at Microsoft.AspNetCore.Authentication.AuthenticationMiddleware.Invoke(HttpContext context)
   at Swashbuckle.AspNetCore.SwaggerUI.SwaggerUIMiddleware.Invoke(HttpContext httpContext)
   at Swashbuckle.AspNetCore.Swagger.SwaggerMiddleware.Invoke(HttpContext httpContext, ISwaggerProvider swaggerProvider)
   at Microsoft.AspNetCore.Diagnostics.DeveloperExceptionPageMiddleware.Invoke(HttpContext context)
ERROR 06:04:19 An unhandled exception has occurred while executing the request.
System.InvalidOperationException: Unable to resolve service for type 'AuthorizationService.Providers.IUserAuthProvider' while attempting to activate 'AuthorizationService.Controllers.UserController'.
   at Microsoft.Extensions.DependencyInjection.ActivatorUtilities.GetService(IServiceProvider sp, Type type, Type requiredBy, Boolean isDefaultParameterRequired)
   at lambda_method(Closure , IServiceProvider , Object[] )
   at Microsoft.AspNetCore.Mvc.Controllers.ControllerActivatorProvider.<>c__DisplayClass4_0.<CreateActivator>b__0(ControllerContext controllerContext)
   at Microsoft.AspNetCore.Mvc.Controllers.ControllerFactoryProvider.<>c__DisplayClass5_0.<CreateControllerFactory>g__CreateController|0(ControllerContext controllerContext)
   at Microsoft.AspNetCore.Mvc.Infrastructure.ControllerActionInvoker.Next(State& next, Scope& scope, Object& state, Boolean& isCompleted)
   at Microsoft.AspNetCore.Mvc.Infrastructure.ControllerActionInvoker.InvokeInnerFilterAsync()
--- End of stack trace from previous location where exception was thrown ---
   at Microsoft.AspNetCore.Mvc.Infrastructure.ResourceInvoker.<InvokeFilterPipelineAsync>g__Awaited|19_0(ResourceInvoker invoker, Task lastTask, State next, Scope scope, Object state, Boolean isCompleted)
   at Microsoft.AspNetCore.Mvc.Infrastructure.ResourceInvoker.<InvokeAsync>g__Awaited|17_0(ResourceInvoker invoker, Task task, IDisposable scope)
   at Microsoft.AspNetCore.Routing.EndpointMiddleware.<Invoke>g__AwaitRequestTask|6_0(Endpoint endpoint, Task requestTask, ILogger logger)
   at Microsoft.AspNetCore.Authorization.AuthorizationMiddleware.Invoke(HttpContext context)
   at Microsoft.AspNetCore.Authentication.AuthenticationMiddleware.Invoke(HttpContext context)
   at Swashbuckle.AspNetCore.SwaggerUI.SwaggerUIMiddleware.Invoke(HttpContext httpContext)
   at Swashbuckle.AspNetCore.Swagger.SwaggerMiddleware.Invoke(HttpContext httpContext, ISwaggerProvider swaggerProvider)
   at Microsoft.AspNetCore.Diagnostics.DeveloperExceptionPageMiddleware.Invoke(HttpContext context)
ERROR 06:04:19 An unhandled exception has occurred while executing the request.
System.InvalidOperationException: Unable to resolve service for type 'AuthorizationService.Providers.IUserAuthProvider' while attempting to activate 'AuthorizationService.Controllers.UserController'.
   at Microsoft.Extensions.DependencyInjection.ActivatorUtilities.GetService(IServiceProvider sp, Type type, Type requiredBy, Boolean isDefaultParameterRequired)
   at lambda_method(Closure , IServiceProvider , Object[] )
   at Microsoft.AspNetCore.Mvc.Controllers.ControllerActivatorProvider.<>c__DisplayClass4_0.<CreateActivator>b__0(ControllerContext controllerContext)
   at Microsoft.AspNetCore.Mvc.Controllers.ControllerFactoryProvider.<>c__DisplayClass5_0.<CreateControllerFactory>g__CreateController|0(ControllerContext controllerContext)
   at Microsoft.AspNetCore.Mvc.Infrastructure.ControllerActionInvoker.Next(State& next, Scope& scope, Object& state, Boolean& isCompleted)
   at Microsoft.AspNetCore.Mvc.Infrastructure.ControllerActionInvoker.InvokeInnerFilterAsync()
--- End of stack trace from previous location where exception was thrown ---
   at Microsoft.AspNetCore.Mvc.Infrastructure.ResourceInvoker.<InvokeFilterPipelineAsync>g__Awaited|19_0(ResourceInvoker invoker, Task lastTask, State next, Scope scope, Object state, Boolean isCompleted)
   at Microsoft.AspNetCore.Mvc.Infrastructure.ResourceInvoker.<InvokeAsync>g__Awaited|17_0(ResourceInvoker invoker, Task task, IDisposable scope)
   at Microsoft.AspNetCore.Routing.EndpointMiddleware.<Invoke>g__AwaitRequestTask|6_0(Endpoint endpoint, Task requestTask, ILogger logger)
   at Microsoft.AspNetCore.Authorization.AuthorizationMiddleware.Invoke(HttpContext context)
   at Microsoft.AspNetCore.Authentication.AuthenticationMiddleware.Invoke(HttpContext context)
   at Swashbuckle.AspNetCore.SwaggerUI.SwaggerUIMiddleware.Invoke(HttpContext httpContext)
   at Swashbuckle.AspNetCore.Swagger.SwaggerMiddleware.Invoke(HttpContext httpContext, ISwaggerProvider swaggerProvider)
   at Microsoft.AspNetCore.Diagnostics.DeveloperExceptionPageMiddleware.Invoke(HttpContext context)
ERROR 06:04:25 An unhandled exception has occurred while executing the request.
System.InvalidOperationException: Unable to resolve service for type 'AuthorizationService.Providers.IUserAuthProvider' while attempting to activate 'AuthorizationService.Controllers.UserController'.
   at Microsoft.Extensions.DependencyInjection.ActivatorUtilities.GetService(IServiceProvider sp, Type type, Type requiredBy, Boolean isDefaultParameterRequired)
   at lambda_method(Closure , IServiceProvider , Object[] )
   at Microsoft.AspNetCore.Mvc.Controllers.ControllerActivatorProvider.<>c__DisplayClass4_0.<CreateActivator>b__0(ControllerContext controllerContext)
   at Microsoft.AspNetCore.Mvc.Controllers.ControllerFactoryProvider.<>c__DisplayClass5_0.<CreateControllerFactory>g__CreateController|0(ControllerContext controllerContext)
   at Microsoft.AspNetCore.Mvc.Infrastructure.ControllerActionInvoker.Next(State& next, Scope& scope, Object& state, Boolean& isCompleted)
   at Microsoft.AspNetCore.Mvc.Infrastructure.ControllerActionInvoker.InvokeInnerFilterAsync()
--- End of stack trace from previous location where exception was thrown ---
   at Microsoft.AspNetCore.Mvc.Infrastructure.ResourceInvoker.<InvokeFilterPipelineAsync>g__Awaited|19_0(ResourceInvoker invoker, Task lastTask, State next, Scope scope, Object state, Boolean isCompleted)
   at Microsoft.AspNetCore.Mvc.Infrastructure.ResourceInvoker.<InvokeAsync>g__Awaited|17_0(ResourceInvoker invoker, Task task, IDisposable scope)
   at Microsoft.AspNetCore.Routing.EndpointMiddleware.<Invoke>g__AwaitRequestTask|6_0(Endpoint endpoint, Task requestTask, ILogger logger)
   at Microsoft.AspNetCore.Authorization.AuthorizationMiddleware.Invoke(HttpContext context)
   at Microsoft.AspNetCore.Authentication.AuthenticationMiddleware.Invoke(HttpContext context)
   at Swashbuckle.AspNetCore.SwaggerUI.SwaggerUIMiddleware.Invoke(HttpContext httpContext)
   at Swashbuckle.AspNetCore.Swagger.SwaggerMiddleware.Invoke(HttpContext httpContext, ISwaggerProvider swaggerProvider)
   at Microsoft.AspNetCore.Diagnostics.DeveloperExceptionPageMiddleware.Invoke(HttpContext context)
ERROR 06:04:25 An unhandled exception has occurred while executing the request.
System.InvalidOperationException: Unable to resolve service for type 'AuthorizationService.Providers.IUserAuthProvider' while attempting to activate 'AuthorizationService.Controllers.UserController'.
   at Microsoft.Extensions.DependencyInjection.ActivatorUtilities.GetService(IServiceProvider sp, Type type, Type requiredBy, Boolean isDefaultParameterRequired)
   at lambda_method(Closure , IServiceProvider , Object[] )
   at Microsoft.AspNetCore.Mvc.Controllers.ControllerActivatorProvider.<>c__DisplayClass4_0.<CreateActivator>b__0(ControllerContext controllerContext)
   at Microsoft.AspNetCore.Mvc.Controllers.ControllerFactoryProvider.<>c__DisplayClass5_0.<CreateControllerFactory>g__CreateController|0(ControllerContext controllerContext)
   at Microsoft.AspNetCore.Mvc.Infrastructure.ControllerActionInvoker.Next(State& next, Scope& scope, Object& state, Boolean& isCompleted)
   at Microsoft.AspNetCore.Mvc.Infrastructure.ControllerActionInvoker.InvokeInnerFilterAsync()
--- End of stack trace from previous location where exception was thrown ---
   at Microsoft.AspNetCore.Mvc.Infrastructure.ResourceInvoker.<InvokeFilterPipelineAsync>g__Awaited|19_0(ResourceInvoker invoker, Task lastTask, State next, Scope scope, Object state, Boolean isCompleted)
   at Microsoft.AspNetCore.Mvc.Infrastructure.ResourceInvoker.<InvokeAsync>g__Awaited|17_0(ResourceInvoker invoker, Task task, IDisposable scope)
   at Microsoft.AspNetCore.Routing.EndpointMiddleware.<Invoke>g__AwaitRequestTask|6_0(Endpoint endpoint, Task requestTask, ILogger logger)
   at Microsoft.AspNetCore.Authorization.AuthorizationMiddleware.Invoke(HttpContext context)
   at Microsoft.AspNetCore.Authentication.AuthenticationMiddleware.Invoke(HttpContext context)
   at Swashbuckle.AspNetCore.SwaggerUI.SwaggerUIMiddleware.Invoke(HttpContext httpContext)
   at Swashbuckle.AspNetCore.Swagger.SwaggerMiddleware.Invoke(HttpContext httpContext, ISwaggerProvider swaggerProvider)
   at Microsoft.AspNetCore.Diagnostics.DeveloperExceptionPageMiddleware.Invoke(HttpContext context)
INFO  06:48:13 Application started. Press Ctrl+C to shut down.
INFO  06:48:13 Application started. Press Ctrl+C to shut down.
INFO  06:48:13 Hosting environment: Development
INFO  06:48:13 Hosting environment: Development
INFO  06:48:13 Content root path: C:\Users\889798\source\repos\AuditManagementSystem\AuthorizationService
INFO  06:48:13 Content root path: C:\Users\889798\source\repos\AuditManagementSystem\AuthorizationService
ERROR 06:48:26 An unhandled exception has occurred while executing the request.
System.InvalidOperationException: Unable to resolve service for type 'AuthorizationService.Providers.IUserAuthProvider' while attempting to activate 'AuthorizationService.Controllers.UserController'.
   at Microsoft.Extensions.DependencyInjection.ActivatorUtilities.GetService(IServiceProvider sp, Type type, Type requiredBy, Boolean isDefaultParameterRequired)
   at lambda_method(Closure , IServiceProvider , Object[] )
   at Microsoft.AspNetCore.Mvc.Controllers.ControllerActivatorProvider.<>c__DisplayClass4_0.<CreateActivator>b__0(ControllerContext controllerContext)
   at Microsoft.AspNetCore.Mvc.Controllers.ControllerFactoryProvider.<>c__DisplayClass5_0.<CreateControllerFactory>g__CreateController|0(ControllerContext controllerContext)
   at Microsoft.AspNetCore.Mvc.Infrastructure.ControllerActionInvoker.Next(State& next, Scope& scope, Object& state, Boolean& isCompleted)
   at Microsoft.AspNetCore.Mvc.Infrastructure.ControllerActionInvoker.InvokeInnerFilterAsync()
--- End of stack trace from previous location where exception was thrown ---
   at Microsoft.AspNetCore.Mvc.Infrastructure.ResourceInvoker.<InvokeFilterPipelineAsync>g__Awaited|19_0(ResourceInvoker invoker, Task lastTask, State next, Scope scope, Object state, Boolean isCompleted)
   at Microsoft.AspNetCore.Mvc.Infrastructure.ResourceInvoker.<InvokeAsync>g__Awaited|17_0(ResourceInvoker invoker, Task task, IDisposable scope)
   at Microsoft.AspNetCore.Routing.EndpointMiddleware.<Invoke>g__AwaitRequestTask|6_0(Endpoint endpoint, Task requestTask, ILogger logger)
   at Microsoft.AspNetCore.Authorization.AuthorizationMiddleware.Invoke(HttpContext context)
   at Microsoft.AspNetCore.Authentication.AuthenticationMiddleware.Invoke(HttpContext context)
   at Swashbuckle.AspNetCore.SwaggerUI.SwaggerUIMiddleware.Invoke(HttpContext httpContext)
   at Swashbuckle.AspNetCore.Swagger.SwaggerMiddleware.Invoke(HttpContext httpContext, ISwaggerProvider swaggerProvider)
   at Microsoft.AspNetCore.Diagnostics.DeveloperExceptionPageMiddleware.Invoke(HttpContext context)
ERROR 06:48:26 An unhandled exception has occurred while executing the request.
System.InvalidOperationException: Unable to resolve service for type 'AuthorizationService.Providers.IUserAuthProvider' while attempting to activate 'AuthorizationService.Controllers.UserController'.
   at Microsoft.Extensions.DependencyInjection.ActivatorUtilities.GetService(IServiceProvider sp, Type type, Type requiredBy, Boolean isDefaultParameterRequired)
   at lambda_method(Closure , IServiceProvider , Object[] )
   at Microsoft.AspNetCore.Mvc.Controllers.ControllerActivatorProvider.<>c__DisplayClass4_0.<CreateActivator>b__0(ControllerContext controllerContext)
   at Microsoft.AspNetCore.Mvc.Controllers.ControllerFactoryProvider.<>c__DisplayClass5_0.<CreateControllerFactory>g__CreateController|0(ControllerContext controllerContext)
   at Microsoft.AspNetCore.Mvc.Infrastructure.ControllerActionInvoker.Next(State& next, Scope& scope, Object& state, Boolean& isCompleted)
   at Microsoft.AspNetCore.Mvc.Infrastructure.ControllerActionInvoker.InvokeInnerFilterAsync()
--- End of stack trace from previous location where exception was thrown ---
   at Microsoft.AspNetCore.Mvc.Infrastructure.ResourceInvoker.<InvokeFilterPipelineAsync>g__Awaited|19_0(ResourceInvoker invoker, Task lastTask, State next, Scope scope, Object state, Boolean isCompleted)
   at Microsoft.AspNetCore.Mvc.Infrastructure.ResourceInvoker.<InvokeAsync>g__Awaited|17_0(ResourceInvoker invoker, Task task, IDisposable scope)
   at Microsoft.AspNetCore.Routing.EndpointMiddleware.<Invoke>g__AwaitRequestTask|6_0(Endpoint endpoint, Task requestTask, ILogger logger)
   at Microsoft.AspNetCore.Authorization.AuthorizationMiddleware.Invoke(HttpContext context)
   at Microsoft.AspNetCore.Authentication.AuthenticationMiddleware.Invoke(HttpContext context)
   at Swashbuckle.AspNetCore.SwaggerUI.SwaggerUIMiddleware.Invoke(HttpContext httpContext)
   at Swashbuckle.AspNetCore.Swagger.SwaggerMiddleware.Invoke(HttpContext httpContext, ISwaggerProvider swaggerProvider)
   at Microsoft.AspNetCore.Diagnostics.DeveloperExceptionPageMiddleware.Invoke(HttpContext context)
INFO  06:50:02 Application started. Press Ctrl+C to shut down.
INFO  06:50:02 Application started. Press Ctrl+C to shut down.
INFO  06:50:02 Hosting environment: Development
INFO  06:50:02 Hosting environment: Development
INFO  06:50:02 Content root path: C:\Users\889798\source\repos\AuditManagementSystem\AuthorizationService
INFO  06:50:02 Content root path: C:\Users\889798\source\repos\AuditManagementSystem\AuthorizationService
INFO  06:50:12  AuthenticateProvider method of UserAuthProvider Called 
INFO  06:50:40  AuthenticateProvider method of UserAuthProvider Called 
INFO  02:02:16 Application started. Press Ctrl+C to shut down.
INFO  02:02:16 Application started. Press Ctrl+C to shut down.
INFO  02:02:16 Hosting environment: Development
INFO  02:02:16 Hosting environment: Development
INFO  02:02:16 Content root path: C:\Project\New\AuditManagementSystem\AuditManagementSystem\AuthorizationService
INFO  02:02:16 Content root path: C:\Project\New\AuditManagementSystem\AuditManagementSystem\AuthorizationService
INFO  02:02:24  AuthenticateProvider method of UserAuthProvider Called 
INFO  02:02:34  AuthenticateProvider method of UserAuthProvider Called 
INFO  02:07:38  AuthenticateProvider method of UserAuthProvider Called 
INFO  02:08:59  AuthenticateProvider method of UserAuthProvider Called 
INFO  02:16:22  AuthenticateProvider method of UserAuthProvider Called 
INFO  02:16:41  AuthenticateProvider method of UserAuthProvider Called 
INFO  02:49:16 Application started. Press Ctrl+C to shut down.
INFO  02:49:16 Application started. Press Ctrl+C to shut down.
INFO  02:49:16 Hosting environment: Development
INFO  02:49:16 Hosting environment: Development
INFO  02:49:16 Content root path: C:\Project\New\AuditManagementSystem\AuditManagementSystem\AuthorizationService
INFO  02:49:16 Content root path: C:\Project\New\AuditManagementSystem\AuditManagementSystem\AuthorizationService
INFO  02:49:17  AuthenticateProvider method of UserAuthProvider Called 
INFO  03:55:20  AuthenticateProvider method of UserAuthProvider Called 
INFO  03:58:54 Application started. Press Ctrl+C to shut down.
INFO  03:58:54 Application started. Press Ctrl+C to shut down.
INFO  03:58:54 Hosting environment: Development
INFO  03:58:54 Hosting environment: Development
INFO  03:58:54 Content root path: C:\Project\New\AuditManagementSystem\AuditManagementSystem\AuthorizationService
INFO  03:58:54 Content root path: C:\Project\New\AuditManagementSystem\AuditManagementSystem\AuthorizationService
INFO  03:59:05  AuthenticateProvider method of UserAuthProvider Called 
INFO  03:59:15  AuthenticateProvider method of UserAuthProvider Called 
